This is LuaHBTeX, Version 1.18.0 (TeX Live 2025/dev/Debian) 
 restricted system commands enabled.
(./main.tex
LaTeX2e <2024-11-01> patch level 2
L3 programming layer <2025-01-18>
 (/usr/share/texlive/texmf-dist/tex/latex/base/article.cls
Document Class: article 2024/06/29 v1.4n Standard LaTeX document class
(/usr/share/texlive/texmf-dist/tex/latex/base/size11.clo
luaotfload | db : Reload initiated (formats: otf,ttf,ttc); reason: File not found: "lmroman10-regular".))
(/usr/share/texlive/texmf-dist/tex/latex/geometry/geometry.sty
(/usr/share/texlive/texmf-dist/tex/latex/graphics/keyval.sty)
(/usr/share/texlive/texmf-dist/tex/generic/iftex/ifvtex.sty
(/usr/share/texlive/texmf-dist/tex/generic/iftex/iftex.sty)))
(/usr/share/texlive/texmf-dist/tex/latex/fontspec/fontspec.sty
(/usr/share/texlive/texmf-dist/tex/latex/l3packages/xparse/xparse.sty
(/usr/share/texlive/texmf-dist/tex/latex/l3kernel/expl3.sty
(/usr/share/texlive/texmf-dist/tex/latex/l3backend/l3backend-luatex.def)))
(/usr/share/texlive/texmf-dist/tex/latex/fontspec/fontspec-luatex.sty
(/usr/share/texlive/texmf-dist/tex/latex/base/fontenc.sty)
(/usr/share/texlive/texmf-dist/tex/latex/fontspec/fontspec.cfg)))
(/usr/share/texlive/texmf-dist/tex/latex/microtype/microtype.sty
(/usr/share/texlive/texmf-dist/tex/latex/etoolbox/etoolbox.sty)
(/usr/share/texlive/texmf-dist/tex/latex/microtype/microtype-luatex.def)
(/usr/share/texlive/texmf-dist/tex/latex/microtype/microtype.cfg))
(/usr/share/texlive/texmf-dist/tex/latex/amsmath/amsmath.sty
For additional information on amsmath, use the `?' option.
(/usr/share/texlive/texmf-dist/tex/latex/amsmath/amstext.sty
(/usr/share/texlive/texmf-dist/tex/latex/amsmath/amsgen.sty))
(/usr/share/texlive/texmf-dist/tex/latex/amsmath/amsbsy.sty)
(/usr/share/texlive/texmf-dist/tex/latex/amsmath/amsopn.sty))
(/usr/share/texlive/texmf-dist/tex/latex/amsfonts/amssymb.sty
(/usr/share/texlive/texmf-dist/tex/latex/amsfonts/amsfonts.sty))
(/usr/share/texlive/texmf-dist/tex/latex/amscls/amsthm.sty)
(/usr/share/texlive/texmf-dist/tex/latex/mathtools/mathtools.sty
(/usr/share/texlive/texmf-dist/tex/latex/tools/calc.sty)
(/usr/share/texlive/texmf-dist/tex/latex/mathtools/mhsetup.sty))
(/usr/share/texlive/texmf-dist/tex/latex/booktabs/booktabs.sty)
(/usr/share/texlive/texmf-dist/tex/latex/tools/longtable.sty)
(/usr/share/texlive/texmf-dist/tex/latex/tools/array.sty)
(/usr/share/texlive/texmf-dist/tex/latex/enumitem/enumitem.sty)
(/usr/share/texlive/texmf-dist/tex/latex/xurl/xurl.sty
(/usr/share/texlive/texmf-dist/tex/latex/url/url.sty))
(/usr/share/texlive/texmf-dist/tex/latex/hyperref/hyperref.sty
(/usr/share/texlive/texmf-dist/tex/latex/kvsetkeys/kvsetkeys.sty)
(/usr/share/texlive/texmf-dist/tex/generic/kvdefinekeys/kvdefinekeys.sty)
(/usr/share/texlive/texmf-dist/tex/generic/pdfescape/pdfescape.sty
(/usr/share/texlive/texmf-dist/tex/generic/ltxcmds/ltxcmds.sty)
(/usr/share/texlive/texmf-dist/tex/generic/pdftexcmds/pdftexcmds.sty
(/usr/share/texlive/texmf-dist/tex/generic/infwarerr/infwarerr.sty)))
(/usr/share/texlive/texmf-dist/tex/latex/hycolor/hycolor.sty)
(/usr/share/texlive/texmf-dist/tex/latex/hyperref/nameref.sty
(/usr/share/texlive/texmf-dist/tex/latex/refcount/refcount.sty)
(/usr/share/texlive/texmf-dist/tex/generic/gettitlestring/gettitlestring.sty
(/usr/share/texlive/texmf-dist/tex/latex/kvoptions/kvoptions.sty)))
(/usr/share/texlive/texmf-dist/tex/generic/stringenc/stringenc.sty)
(/usr/share/texlive/texmf-dist/tex/latex/hyperref/pd1enc.def)
(/usr/share/texlive/texmf-dist/tex/generic/intcalc/intcalc.sty)
(/usr/share/texlive/texmf-dist/tex/latex/hyperref/puenc.def)
(/usr/share/texlive/texmf-dist/tex/generic/bitset/bitset.sty
(/usr/share/texlive/texmf-dist/tex/generic/bigintcalc/bigintcalc.sty))
(/usr/share/texlive/texmf-dist/tex/latex/base/atbegshi-ltx.sty))
(/usr/share/texlive/texmf-dist/tex/latex/hyperref/hluatex.def
(/usr/share/texlive/texmf-dist/tex/latex/base/atveryend-ltx.sty)
(/usr/share/texlive/texmf-dist/tex/latex/rerunfilecheck/rerunfilecheck.sty
(/usr/share/texlive/texmf-dist/tex/generic/uniquecounter/uniquecounter.sty)))
(/usr/share/texlive/texmf-dist/tex/latex/bookmark/bookmark.sty
(/usr/share/texlive/texmf-dist/tex/latex/bookmark/bkm-pdftex.def)) (./main.aux)
*geometry* driver: auto-detecting
*geometry* detected driver: luatex
(/usr/share/texlive/texmf-dist/tex/latex/microtype/mt-LatinModernRoman.cfg)
(/usr/share/texlive/texmf-dist/tex/latex/graphics/graphicx.sty
(/usr/share/texlive/texmf-dist/tex/latex/graphics/graphics.sty
(/usr/share/texlive/texmf-dist/tex/latex/graphics/trig.sty)
(/usr/share/texlive/texmf-dist/tex/latex/graphics-cfg/graphics.cfg)
(/usr/share/texlive/texmf-dist/tex/latex/graphics-def/luatex.def
(/usr/share/texlive/texmf-dist/tex/context/base/mkii/supp-pdf.mkii
[Loading MPS to PDF converter (version 2006.09.02).]
))) (/usr/share/texlive/texmf-dist/tex/latex/epstopdf-pkg/epstopdf-base.sty
(/usr/share/texlive/texmf-dist/tex/latex/latexconfig/epstopdf-sys.cfg)))
(/usr/share/texlive/texmf-dist/tex/latex/amsfonts/umsa.fd)
(/usr/share/texlive/texmf-dist/tex/latex/microtype/mt-msa.cfg)
(/usr/share/texlive/texmf-dist/tex/latex/amsfonts/umsb.fd)
(/usr/share/texlive/texmf-dist/tex/latex/microtype/mt-msb.cfg)
(/usr/share/texlive/texmf-dist/tex/latex/microtype/mt-cmr.cfg) (./main.toc
[1{/var/lib/texmf/fonts/map/pdftex/updmap/pdftex.map}]
[2]
[3])
[4]
Overfull \hbox (33.82658pt too wide) detected at line 134
[]  \OT1/cmr/m/n/10.95 =[]\OMS/cmsy/m/n/10.95 )  []  \OT1/cmr/m/n/10.95 =[]\OMS
/cmsy/m/n/10.95 )  []\OML/cmm/m/it/10.95 :

[5]
[6]
Underfull \hbox (badness 10000) in alignment at lines 336--340
[][][]

Underfull \hbox (badness 10000) in paragraph at lines 342--342
[]|\TU/lmr/m/n/10.95 as-so-cia-tiv-ity range, end-

Underfull \hbox (badness 10000) in paragraph at lines 344--344
[]|\TU/lmr/m/n/10.95 op-er-a-tor, en-do-mor-phism,

Underfull \hbox (badness 10000) in alignment at lines 340--347
[][][]

[7] [8]
[9]
[10]
[11]
[12]
[13]
Underfull \hbox (badness 10000) in alignment at lines 830--842
[][][][]

Underfull \hbox (badness 10000) in alignment at lines 842--844
[][][][]

Underfull \hbox (badness 10000) in alignment at lines 844--851
[][][][]

[14]
[15]
Underfull \hbox (badness 1043) in paragraph at lines 1023--1028
[]\TU/lmr/m/n/10.95 This is the A5 partition-function part of Lemma 5.1. The co
-ef-fi-cient cer-tifi-

[16]
[17]
Underfull \hbox (badness 10000) in alignment at lines 1183--1193
[][][]

Underfull \hbox (badness 10000) in alignment at lines 1193--1195
[][][]

Underfull \hbox (badness 10000) in alignment at lines 1195--1204
[][][]

[18]
[19]
Underfull \hbox (badness 10000) in alignment at lines 1360--1364
[][][]

Underfull \hbox (badness 10000) in alignment at lines 1364--1366
[][][]

Underfull \hbox (badness 10000) in alignment at lines 1366--1370
[][][]

[20]
[21]
[22]
[23]
[24]
[25]
[26]
[27]
[28]
[29]
[30]
[31]
[32] (/usr/share/texlive/texmf-dist/tex/latex/amsfonts/ueuf.fd)
(/usr/share/texlive/texmf-dist/tex/latex/microtype/mt-euf.cfg)
[33]
[34]
Underfull \hbox (badness 10000) in alignment at lines 2597--2607
[][][]

Underfull \hbox (badness 10000) in alignment at lines 2607--2609
[][][]

Underfull \hbox (badness 10000) in alignment at lines 2609--2616
[][][]

[35]
Underfull \hbox (badness 10000) in alignment at lines 2637--2647
[][][]

Underfull \hbox (badness 10000) in alignment at lines 2647--2649
[][][]

Underfull \hbox (badness 10000) in alignment at lines 2649--2657
[][][]

[36]
[37]
[38]
Underfull \hbox (badness 10000) in alignment at lines 2888--2892
[][][]

Underfull \hbox (badness 10000) in alignment at lines 2892--2894
[][][]

Underfull \hbox (badness 10000) in paragraph at lines 2897--2897
\TU/lmr/m/n/10.95 non-triv-ial column-blind

Underfull \hbox (badness 10000) in paragraph at lines 2898--2898
[]|\TU/lmr/m/n/10.95 econ-omy/con-

Underfull \hbox (badness 10000) in alignment at lines 2894--2901
[][][]

[39]
[40]
[41]
[42]
[43] (./main.aux))
(see the transcript file for additional information)
 1639 words of node memory still in use:
   7 hlist, 2 vlist, 2 rule, 1 local_par, 5 glue, 4 kern, 1 penalty, 3 glyph, 2
65 attribute, 64 glue_spec, 265 attribute_list, 1 write, 1 pdf_action nodes
   avail lists: 1:2,2:951,3:420,4:95,5:480,6:140,7:7385,8:73,9:991,10:24,11:584

</usr/share/texmf/fonts/opentype/public/lm/lmsans8-regular.otf></usr/share/texm
f/fonts/opentype/public/lm/lmsans12-regular.otf></usr/share/texmf/fonts/opentyp
e/public/lm/lmmono10-regular.otf></usr/share/texmf/fonts/opentype/public/lm/lmr
omandemi10-regular.otf></usr/share/texmf/fonts/opentype/public/lm/lmroman10-ita
lic.otf></usr/share/texmf/fonts/opentype/public/lm/lmroman12-bold.otf></usr/sha
re/texmf/fonts/opentype/public/lm/lmroman9-regular.otf></usr/share/texmf/fonts/
opentype/public/lm/lmroman6-regular.otf></usr/share/texmf/fonts/opentype/public
/lm/lmsans10-regular.otf></usr/share/texmf/fonts/opentype/public/lm/lmroman10-r
egular.otf></usr/share/texmf/fonts/opentype/public/lm/lmroman10-bold.otf></usr/
share/texmf/fonts/opentype/public/lm/lmroman8-regular.otf></usr/share/texmf/fon
ts/opentype/public/lm/lmroman12-regular.otf></usr/share/texmf/fonts/opentype/pu
blic/lm/lmroman17-regular.otf></usr/share/texlive/texmf-dist/fonts/type1/public
/amsfonts/cm/cmex10.pfb></usr/share/texlive/texmf-dist/fonts/type1/public/amsfo
nts/cm/cmmi10.pfb></usr/share/texlive/texmf-dist/fonts/type1/public/amsfonts/cm
/cmmi12.pfb></usr/share/texlive/texmf-dist/fonts/type1/public/amsfonts/cm/cmmi6
.pfb></usr/share/texlive/texmf-dist/fonts/type1/public/amsfonts/cm/cmmi7.pfb></
usr/share/texlive/texmf-dist/fonts/type1/public/amsfonts/cm/cmmi8.pfb></usr/sha
re/texlive/texmf-dist/fonts/type1/public/amsfonts/cm/cmr10.pfb></usr/share/texl
ive/texmf-dist/fonts/type1/public/amsfonts/cm/cmr12.pfb></usr/share/texlive/tex
mf-dist/fonts/type1/public/amsfonts/cm/cmr6.pfb></usr/share/texlive/texmf-dist/
fonts/type1/public/amsfonts/cm/cmr7.pfb></usr/share/texlive/texmf-dist/fonts/ty
pe1/public/amsfonts/cm/cmr8.pfb></usr/share/texlive/texmf-dist/fonts/type1/publ
ic/amsfonts/cm/cmsy10.pfb></usr/share/texlive/texmf-dist/fonts/type1/public/ams
fonts/cm/cmsy5.pfb></usr/share/texlive/texmf-dist/fonts/type1/public/amsfonts/c
m/cmsy6.pfb></usr/share/texlive/texmf-dist/fonts/type1/public/amsfonts/cm/cmsy7
.pfb></usr/share/texlive/texmf-dist/fonts/type1/public/amsfonts/cm/cmsy8.pfb></
usr/share/texlive/texmf-dist/fonts/type1/public/amsfonts/euler/eufm10.pfb></usr
/share/texlive/texmf-dist/fonts/type1/public/amsfonts/symbols/msam10.pfb></usr/
share/texlive/texmf-dist/fonts/type1/public/amsfonts/symbols/msbm10.pfb>
Output written on main.pdf (43 pages, 409668 bytes).
Transcript written on main.log.
