Step 11 PACKAGE_NOTE check
==========================
PASS PACKAGE_NOTE.md exists
  120 PACKAGE_NOTE.md
  451 README.md
  391 SUPPORT_INDEX.txt
  962 total

Public internal-name scan:
PASS no public stage 6 phrase in README.md, SUPPORT_INDEX.txt, PACKAGE_NOTE.md, tools/

Package note required phrase scan:
12:paper/main.tex
21:For theorem wording, definitions, and proof statements, use `paper/main.tex`.
36:`paper/main.tex`, `SUPPORT_INDEX.txt`, and `README.md` as authoritative for the
30:2. `L1/`, `L2/`, and `L3/` are frozen reference layers for finite checks.
34:The layer notes inside `L1/`, `L2/`, and `L3/` are provenance/reference notes.
49:This audits the frozen `L1/L2/L3` reference layers.  It does not run the global
88:L1/
31:3. `mathcal_H/` is the global hidden-continuation bundle.
91:mathcal_H/
32:4. `VERIFY_LOGS/` contains optional logs from verification runs.
97:`VERIFY_LOGS/` may contain logs from the commands used to prepare or audit this
107:tools/run_quick_checks.sh | tee VERIFY_LOGS/quick_checks.log
110:tools/run_mathcal_H_audit.sh | tee VERIFY_LOGS/mathcal_H_audit.log
113:tools/run_mathcal_H_audit.sh --include-h2-full | tee VERIFY_LOGS/mathcal_H_audit_with_h2_full.log

Root navigation files:
PASS README.md
PASS SUPPORT_INDEX.txt
PASS PACKAGE_NOTE.md
