Git version: git version 2.47.3
Git remotes:
origin	https://github.com/burundai-t/finite-row-graded-magmas-over-f3.git (fetch)
origin	https://github.com/burundai-t/finite-row-graded-magmas-over-f3.git (push)

Repository top-level inventory:
.gitignore
CONTENTS_L1_L2_L3_frozen_reference_v1.txt
L1/README_L1.md
L1/layer1_landscape_v3.md
L2/README_L2.md
L2/layer2_selection_v1.md
L3/README_L3.md
L3/layer3_linearization_v1_8.md
L3/verify_layer3_frontF.log
LICENSE
MANIFEST.sha256
PACKAGE_NOTE.md
README.md
SUPPORT_INDEX.txt
VERIFY_LOGS/.gitkeep
VERIFY_LOGS/mathcal_H_audit.exit
VERIFY_LOGS/mathcal_H_audit.log
VERIFY_LOGS/paper_lualatex_step2.log
VERIFY_LOGS/paper_lualatex_step2.status
VERIFY_LOGS/quick_checks.exit
VERIFY_LOGS/quick_checks.log
VERIFY_LOGS/step10.status
VERIFY_LOGS/step10_SUPPORT_INDEX.sha256
VERIFY_LOGS/step10_SUPPORT_INDEX_inventory.log
VERIFY_LOGS/step10_SUPPORT_INDEX_path_check.log
VERIFY_LOGS/step10_SUPPORT_INDEX_preview.log
VERIFY_LOGS/step10_hashes.log
VERIFY_LOGS/step10_path_check.log
VERIFY_LOGS/step10_primary_script_scan.log
VERIFY_LOGS/step10_public_word_scan.log
VERIFY_LOGS/step10_repo_inventory.log
VERIFY_LOGS/step10_repo_top_inventory.log
VERIFY_LOGS/step10_stage_word_scan.log
VERIFY_LOGS/step10_stale_alias_scan.log
VERIFY_LOGS/step10_support_index_check.log
VERIFY_LOGS/step10_support_index_inventory.log
VERIFY_LOGS/step10_support_index_path_check.log
VERIFY_LOGS/step10_support_index_wc.log
VERIFY_LOGS/step10_word_scan.log
VERIFY_LOGS/step11.status
VERIFY_LOGS/step11_5.status
VERIFY_LOGS/step11_5_hashes.log
VERIFY_LOGS/step11_5_lualatex_1.log
VERIFY_LOGS/step11_5_lualatex_2.log
VERIFY_LOGS/step11_5_lualatex_3.log
VERIFY_LOGS/step11_5_pdfinfo.log
VERIFY_LOGS/step11_5_render.log
VERIFY_LOGS/step11_5_render_count.log
VERIFY_LOGS/step11_5_stage_word_scan.log
VERIFY_LOGS/step11_6.status
VERIFY_LOGS/step11_6_LICENSE_preview.log
VERIFY_LOGS/step11_6_hashes.log
VERIFY_LOGS/step11_6_license_check.log
VERIFY_LOGS/step11_6_license_hashes.log
VERIFY_LOGS/step11_6_license_inventory.log
VERIFY_LOGS/step11_6_license_split.log
VERIFY_LOGS/step11_6_license_split.status
VERIFY_LOGS/step11_6_license_split_check.log
VERIFY_LOGS/step11_6_license_split_inventory.log
VERIFY_LOGS/step11_6_license_split_preview.log
VERIFY_LOGS/step11_6_license_split_scan.log
VERIFY_LOGS/step11_6_license_split_validation.log
VERIFY_LOGS/step11_6_lualatex_1.log
VERIFY_LOGS/step11_6_lualatex_2.log
VERIFY_LOGS/step11_6_lualatex_3.log
VERIFY_LOGS/step11_6_paper_LICENSE_preview.log
VERIFY_LOGS/step11_6_pdfinfo.log
VERIFY_LOGS/step11_6_public_stage_word_scan.log
VERIFY_LOGS/step11_6_public_word_scan.log
VERIFY_LOGS/step11_6_render.log
VERIFY_LOGS/step11_6_render_count.log
VERIFY_LOGS/step11_6_repo_inventory.log
VERIFY_LOGS/step11_PACKAGE_NOTE_check.log
VERIFY_LOGS/step11_PACKAGE_NOTE_inventory.log
VERIFY_LOGS/step11_PACKAGE_NOTE_preview.log
VERIFY_LOGS/step11_PACKAGE_NOTE_wc.log
VERIFY_LOGS/step11_README_preview.log
VERIFY_LOGS/step11_SUPPORT_INDEX_preview.log
VERIFY_LOGS/step11_hashes.log
VERIFY_LOGS/step11_link_check.log
VERIFY_LOGS/step11_package_note_check.log
VERIFY_LOGS/step11_package_note_inventory.log
VERIFY_LOGS/step11_package_note_wc.log
VERIFY_LOGS/step11_path_check.log
VERIFY_LOGS/step11_public_word_scan.log
VERIFY_LOGS/step11_repo_inventory.log
VERIFY_LOGS/step11_repo_top_inventory.log
VERIFY_LOGS/step11_stage_word_scan.log
VERIFY_LOGS/step11_stale_alias_scan.log
VERIFY_LOGS/step12.status
VERIFY_LOGS/step12_inventory_before_manifest.log
VERIFY_LOGS/step12_make_manifest_syntax.log
VERIFY_LOGS/step12_manifest_summary.log
VERIFY_LOGS/step12_public_word_scan.log
VERIFY_LOGS/step13.status
VERIFY_LOGS/step13_paper_build.log
VERIFY_LOGS/step13_paper_build_passes.log
VERIFY_LOGS/step13_paper_inventory.log
VERIFY_LOGS/step13_pdfinfo.log
VERIFY_LOGS/step13_pycache_dirs.log
VERIFY_LOGS/step13_rebuild_unique_cache.log
VERIFY_LOGS/step13_rebuild_unique_cache_passes.log
VERIFY_LOGS/step13_render.log
VERIFY_LOGS/step13_render_count.log
VERIFY_LOGS/step13_render_files.log
VERIFY_LOGS/step13_runs_dirs.log
VERIFY_LOGS/step14.status
VERIFY_LOGS/step14_git_hygiene_plan.log
VERIFY_LOGS/step14_git_precommit.log
VERIFY_LOGS/step14_release_note.log
VERIFY_LOGS/step3.status
VERIFY_LOGS/step3_L1.log
VERIFY_LOGS/step3_L123_inventory.txt
VERIFY_LOGS/step3_L2.log
VERIFY_LOGS/step3_L3_frontA.log
VERIFY_LOGS/step3_L3_frontB.log
VERIFY_LOGS/step3_L3_frontC.log
VERIFY_LOGS/step3_L3_frontD.log
VERIFY_LOGS/step3_L3_frontE.log
VERIFY_LOGS/step3_L3_frontF.log
VERIFY_LOGS/step3_L3_frontG.log
VERIFY_LOGS/step3_L3_frontH.log
VERIFY_LOGS/step3_L3_linearization.log
VERIFY_LOGS/step3_layer_checks.status
VERIFY_LOGS/step3_layer_checks_summary.log
VERIFY_LOGS/step4.status
VERIFY_LOGS/step4_L3_frontC.log
VERIFY_LOGS/step4_frontC_hashes.log
VERIFY_LOGS/step4_frontC_inventory.log
VERIFY_LOGS/step4_frontC_post_hashes.log
VERIFY_LOGS/step5.status
VERIFY_LOGS/step5_mathcal_H_h1.log
VERIFY_LOGS/step5_mathcal_H_h2_coverage_light.log
VERIFY_LOGS/step5_mathcal_H_h3.log
VERIFY_LOGS/step5_mathcal_H_h4.log
VERIFY_LOGS/step5_mathcal_H_hashes.log
VERIFY_LOGS/step5_mathcal_H_inventory.log
VERIFY_LOGS/step5_mathcal_H_summary.log
VERIFY_LOGS/step5_mathcal_H_wrapper_help.log
VERIFY_LOGS/step5_pycache_check.log
VERIFY_LOGS/step5_pycache_scan.log
VERIFY_LOGS/step6.status
VERIFY_LOGS/step6_README_hash.log
VERIFY_LOGS/step6_README_inventory.log
VERIFY_LOGS/step6_README_preview.log
VERIFY_LOGS/step7.status
VERIFY_LOGS/step7_hashes.log
VERIFY_LOGS/step7_quick_checks_inventory.log
VERIFY_LOGS/step7_quick_checks_summary.log
VERIFY_LOGS/step7_quick_script_inventory.log
VERIFY_LOGS/step7_tools_inventory.log
VERIFY_LOGS/step8.status
VERIFY_LOGS/step8_hashes.log
VERIFY_LOGS/step8_mathcal_H_audit_help.log
VERIFY_LOGS/step8_mathcal_H_audit_script_inventory.log
VERIFY_LOGS/step8_mathcal_H_audit_summary.log
VERIFY_LOGS/step8_stage_word_scan.log
VERIFY_LOGS/step8_tools_inventory.log
VERIFY_LOGS/step9.status
VERIFY_LOGS/step9_README_check.log
VERIFY_LOGS/step9_hashes.log
VERIFY_LOGS/step9_recomputation_dry_runs.log
VERIFY_LOGS/step9_repo_top_inventory.log
VERIFY_LOGS/step9_stage_word_scan.log
mathcal_H/README.md
mathcal_H/stage6.md
mathcal_H/verify_mathcal_H_bundle.py
mathcal_H/verify_stage6_bundle.py
paper/LICENSE.md
paper/main.pdf
paper/main.tex
tools/.gitkeep
tools/make_manifest.sh
tools/run_mathcal_H_audit.sh
tools/run_quick_checks.sh
