=== step5.status ===
PASS step 5 integration

Integrated mathcal_H/ from the available theorem bundle.
Added public wrapper:
  mathcal_H/verify_mathcal_H_bundle.py

Focused checks completed:
  PASS mathcal_H wrapper --only-h1
  PASS mathcal_H wrapper --only-h3
  PASS mathcal_H wrapper --only-h4
  PASS mathcal_H/h2/verify_h2_coverage_light.py

Note:
  The full H2 certificate-pack audit command
    PYTHONDONTWRITEBYTECODE=1 python3 verify_mathcal_H_bundle.py --only-certpack-final
  was attempted in this environment but did not complete within the execution limit.
  The fast static H2 coverage/integrity audit did complete and passed.
  The full H2 audit command remains available in mathcal_H/ for the final README/SUPPORT_INDEX.

=== inventory head ===
mathcal_H inventory, depth<=3:
mathcal_H/README.md
mathcal_H/h1/h1_eval_core.cpp
mathcal_H/h1/raw/audit_report.json
mathcal_H/h1/raw/audit_rerun.csv
mathcal_H/h1/raw/checkpoint.json
mathcal_H/h1/raw/chunks.csv
mathcal_H/h1/raw/events.log
mathcal_H/h1/raw/violations.csv
mathcal_H/h1/run_h1_evaluator.py
mathcal_H/h2/raw/audit_report.json
mathcal_H/h2/raw/audit_rerun.csv
mathcal_H/h2/raw/checkpoint.json
mathcal_H/h2/raw/chunks.csv
mathcal_H/h2/raw/events.log
mathcal_H/h2/raw/nodes.csv
mathcal_H/h2/raw/sat.csv
mathcal_H/h2/raw/segments.csv
mathcal_H/h2/raw/unknown.csv
mathcal_H/h2/raw/windows.csv
mathcal_H/h2/run_h2_frontier.py
mathcal_H/h2/verify_h2_coverage_light.py
mathcal_H/h4/h4_signed_core.cpp
mathcal_H/h4/raw/audit_report.json
mathcal_H/h4/raw/audit_rerun.csv
mathcal_H/h4/raw/checkpoint.json
mathcal_H/h4/raw/chunk_pairs.csv
mathcal_H/h4/raw/chunks.csv
mathcal_H/h4/raw/events.log
mathcal_H/h4/raw/pair_counts.csv
mathcal_H/h4/raw/rawH_summary.csv
mathcal_H/h4/raw/summary.json
mathcal_H/h4/raw/witnesses.csv
mathcal_H/h4/run_h4_classifier.py
mathcal_H/stage6.md
mathcal_H/verify_mathcal_H_bundle.py
mathcal_H/verify_stage6_bundle.py

file count:
36

=== H1 ===
PASS S6-H1 global H range: points=10460353203, H_tot=[-2268,7302], rawH=[-378,1217], endpoint_counts=min:8 max:12, rerun=sample:8

=== H2 light ===
PASS S6-H2 coverage light: segments=[0,18540), certified_unsat=18540, SAT=0, UNKNOWN=0, unresolved=0, tail_nodes=13680, chunks=85, windows=11, rerun_rows=13683

=== H3 ===
PASS S6-H3 PAB/row-complement guardrail: witnesses=PAB:111111111222222222000;row_complement:222222222111111111000, H_tot=7020, N_neg=0, nonunique_H_selector=1

=== H4 ===
PASS S6-H4 signed-cancellation frontier: points=10460353203, high_rawH>=1171 count=12, pure_high=0, pair=(rawH=1217,N_-=3,count=12), witnesses=12, rerun=sample:8

=== hashes ===
mathcal_H sha256 subset:
c3fdca83fc0f97db1e499ab9c9d7a4f35fd39caed78c73208923a40a8f3c73e1  mathcal_H/README.md
2b775e20f732b7347b639f99c26b35cd5e8d30a5e49b67f427c9cf38f76a3d57  mathcal_H/h1/h1_eval_core.cpp
e4cc138113aa320662b11d7c74c292018788f06ec26aa9c992aef2b6c97e4bd5  mathcal_H/h1/raw/audit_report.json
bce54c2eee02a9fe2c0ce8a5c3c32838af07f86ec7c811b6a0a78906294dbf39  mathcal_H/h1/raw/audit_rerun.csv
3d633e4761dd678b4f7a9de9234f18cb6b4cb4c83a441abded652fc95c73462d  mathcal_H/h1/raw/checkpoint.json
61d34fbe6377807fc12a85e0f1274028e1c13de8c1961e9dff0fb58e103a3cdc  mathcal_H/h1/raw/chunks.csv
ad2599cdd6b7e145c89a4bc45487355d9ce9a56cf8d2e9861bcbad3c953fd34a  mathcal_H/h1/raw/events.log
fcd436bee34e1d488f284eb8613a0da614dafe44388c21b18103df90cf7a5261  mathcal_H/h1/raw/violations.csv
527abf571754c5b36768bd08e1031c383a3ecef2ce999d9f27e577b5761ddd3e  mathcal_H/h1/run_h1_evaluator.py
1c63483e5f7d70cfa830f29d0bb7bbd02108ad6e4af4172ecb92a6b859d2fc83  mathcal_H/h2/raw/audit_report.json
15b05d3a048dfffac2c25862abb77f591c3bf52a07d1a63a3423f0a9b360fde2  mathcal_H/h2/raw/audit_rerun.csv
bd1cce2509bb03f8fd58626bf77638d22033480ab11a5f5e18dde18ea488fda4  mathcal_H/h2/raw/checkpoint.json
ea29ffde4d048e3af99883e06c19747e7982da2d966a9d8145f7cf16294bc006  mathcal_H/h2/raw/chunks.csv
444334fbd02407eeccdfd7efbc6edbb2a9be5f2e346633bc42c035f374d2d04d  mathcal_H/h2/raw/events.log
15d19a34666379b6dac874c49fcadc8e6cca310dc950fe16680c867ea9b16542  mathcal_H/h2/raw/nodes.csv
c63b67f7b709178edec9d96a5b7b409c9fed1bd810e3285d004483a85b35d2d7  mathcal_H/h2/raw/sat.csv
ad128042d6855c182997940936fe600166bb652d9f0f1d2130b850bbdab188e5  mathcal_H/h2/raw/segments.csv
8007fbeed7af99176a5e2cee009ca4dfe9907db9ff2b64142421f90f2e20c643  mathcal_H/h2/raw/unknown.csv
28fb119cd5446f7191d2805cabe784a3bdcc6f74aedd5b2538531e044d6bc2b4  mathcal_H/h2/raw/windows.csv
749d734ae5165801608b06d71a43d1e600640b159f1537b1f6605b2a6d52792a  mathcal_H/h2/run_h2_frontier.py
a812a3eee1bcc8ecf17bc24c9a040f28c87d59b850a87b5d94680b7eb7f3cf73  mathcal_H/h2/verify_h2_coverage_light.py
8248d1ccaf4d86ceed11478ce4378e15a99f33208035dc3abcfcccb1fc3be0f2  mathcal_H/h4/h4_signed_core.cpp
602d137c0ef30fc575a565a0fbe1acd0481dcfd7cbaf1e104c37c0080c099a85  mathcal_H/h4/raw/audit_report.json
ab26140de9df0e68a9466238ddd9881296349ebee685a39b47033e0d9e9ff9ce  mathcal_H/h4/raw/audit_rerun.csv
1b172d15ba324efebb4ec38f9d8aa5ef353df9a5f1cd2e9a81b6cb3c1867871c  mathcal_H/h4/raw/checkpoint.json
caf87dbfcd8bef423630c98da8defb4354c1d5b2d6c505a47852d149a87a6c58  mathcal_H/h4/raw/chunk_pairs.csv
72235408aca89c433b8f2ac3ec1885e49a9fd3e4898a63170e91bb35cbb01301  mathcal_H/h4/raw/chunks.csv
7eeb6503659d0a96ab33a19c670ccd0b11421322a6ea7f91e69f4a287daa21c4  mathcal_H/h4/raw/events.log
af9ed46ad00641bb2c59a06dc09f11264f54a74b2d5a59a855c0c806e2c881f1  mathcal_H/h4/raw/pair_counts.csv
921325920dd7dc2ae632ebfed9a77dc2c1944b87bddde53240762ac47c2d8e5c  mathcal_H/h4/raw/rawH_summary.csv
0c93127020854770183504299fd730a030cc339f61d9848db549f03c6a57d216  mathcal_H/h4/raw/summary.json
7583a047a6a1d498f56824d9e506e42e25b2e57ac9ff0ee608651b8c9f2eb8c1  mathcal_H/h4/raw/witnesses.csv
5a66d98c10b27e21637b010e58326d64818cb7d32508882e77331f601ecef249  mathcal_H/h4/run_h4_classifier.py
0cb6cda142f3ed852ec831a9a60175d61dcdf949dc5787b5e21a5f3ff2285dea  mathcal_H/stage6.md
40375cb6fd637c4fe0b9930f1c171e966c5c32cdac2a34a94e9932a2e50bb5bd  mathcal_H/verify_mathcal_H_bundle.py
ed5dff4213548a9051110efc5d80e1e86bb21720d0c88a5e8ba069f5aeb1ccac  mathcal_H/verify_stage6_bundle.py
