Title:           
Subject:         
Keywords:        
Author:          
Creator:         LaTeX with hyperref
Producer:        LuaTeX-1.18.0
CreationDate:    Tue May 12 17:05:06 2026 UTC
ModDate:         Tue May 12 17:05:06 2026 UTC
Custom Metadata: yes
Metadata Stream: no
Tagged:          no
UserProperties:  no
Suspects:        no
Form:            none
JavaScript:      no
Pages:           43
Encrypted:       no
Page size:       595.276 x 841.89 pts (A4)
Page rot:        0
File size:       410296 bytes
Optimized:       no
PDF version:     1.7
