# PAB preprint support repository

This repository contains the current manuscript and the finite support package
for the PAB preprint.

The repository separates four roles:

1. `paper/` contains the canonical manuscript source and the compiled PDF.
2. `L1/`, `L2/`, and `L3/` are frozen reference layers for finite landscape,
   selection, and selected-PAB structural checks.
3. `mathcal_H/` is the separate global hidden-continuation bundle.
4. `VERIFY_LOGS/` contains optional logs from verification runs.

The current theorem statement is in `paper/main.tex`.  The layer directories are
frozen provenance/reference packages.  If wording in a layer note differs from
the current manuscript, use `paper/main.tex` and the root support index as
authoritative once `SUPPORT_INDEX.txt` is added.

## Repository layout

```text
pab_preprint_support/
  README.md
  .gitignore

  paper/
    main.tex
    main.pdf

  L1/
    scripts/
    tables/
    ...

  L2/
    scripts/
    tables/
    ...

  L3/
    scripts/
    tables/
    linearization_steps/
    ...

  mathcal_H/
    README.md
    verify_mathcal_H_bundle.py
    h1/
    h2/
    h4/

  VERIFY_LOGS/
```

## Canonical manuscript

The canonical source is:

```text
paper/main.tex
```

The compiled manuscript is:

```text
paper/main.pdf
```

To rebuild the PDF from the repository root:

```bash
cd paper
lualatex -interaction=nonstopmode -halt-on-error main.tex
lualatex -interaction=nonstopmode -halt-on-error main.tex
lualatex -interaction=nonstopmode -halt-on-error main.tex
cd ..
```

If `latexmk` is available, this is also acceptable:

```bash
cd paper
latexmk -lualatex -interaction=nonstopmode -halt-on-error main.tex
cd ..
```

## Quick finite-layer verification

Run these commands from the repository root.

```bash
python3 -S L1/scripts/verify_layer1_v3_final.py
python3 -S L2/scripts/verify_layer2_selection_final.py

python3 L3/scripts/verify_layer3_frontA.py
python3 L3/scripts/verify_layer3_frontB.py
python3 L3/scripts/verify_layer3_frontC.py
python3 L3/scripts/verify_layer3_frontD.py
python3 L3/scripts/verify_layer3_frontE.py
python3 L3/scripts/verify_layer3_frontF.py
python3 L3/scripts/verify_layer3_frontG.py
python3 L3/scripts/verify_layer3_frontH.py
python3 L3/scripts/verify_layer3_linearization_final.py
```

These commands audit the frozen `L1/L2/L3` reference layers. They are not a
full recomputation of the global hidden-continuation theorem.

Layer roles:

```text
L1  finite landscape and associativity reference
L2  finite selection reference
L3  selected-PAB operator, endomorphism, bridge, term-algebra, and companion-structure reference
```

Use plain `python3` for the L3 checks. Some L3 checks use installed packages
which are hidden by `python3 -S`.

