This is LuaHBTeX, Version 1.18.0 (TeX Live 2025/dev/Debian) 
 restricted system commands enabled.
(./main.tex
LaTeX2e <2024-11-01> patch level 2
L3 programming layer <2025-01-18>
 (/usr/share/texlive/texmf-dist/tex/latex/base/article.cls
Document Class: article 2024/06/29 v1.4n Standard LaTeX document class
(/usr/share/texlive/texmf-dist/tex/latex/base/size11.clo
luaotfload | db : Font names database not found, generating new one.
luaotfload | db : This can take several minutes; please be patient.
luaotfload | db : Reload initiated (formats: otf,ttf,ttc); reason: File not found: "lmroman10-regular".))
(/usr/share/texlive/texmf-dist/tex/latex/geometry/geometry.sty
(/usr/share/texlive/texmf-dist/tex/latex/graphics/keyval.sty)
(/usr/share/texlive/texmf-dist/tex/generic/iftex/ifvtex.sty
(/usr/share/texlive/texmf-dist/tex/generic/iftex/iftex.sty)))
(/usr/share/texlive/texmf-dist/tex/latex/fontspec/fontspec.sty
(/usr/share/texlive/texmf-dist/tex/latex/l3packages/xparse/xparse.sty
(/usr/share/texlive/texmf-dist/tex/latex/l3kernel/expl3.sty
(/usr/share/texlive/texmf-dist/tex/latex/l3backend/l3backend-luatex.def)))
(/usr/share/texlive/texmf-dist/tex/latex/fontspec/fontspec-luatex.sty
(/usr/share/texlive/texmf-dist/tex/latex/base/fontenc.sty)
(/usr/share/texlive/texmf-dist/tex/latex/fontspec/fontspec.cfg)))
(/usr/share/texlive/texmf-dist/tex/latex/microtype/microtype.sty
(/usr/share/texlive/texmf-dist/tex/latex/etoolbox/etoolbox.sty)
(/usr/share/texlive/texmf-dist/tex/latex/microtype/microtype-luatex.def)
(/usr/share/texlive/texmf-dist/tex/latex/microtype/microtype.cfg))
(/usr/share/texlive/texmf-dist/tex/latex/amsmath/amsmath.sty
For additional information on amsmath, use the `?' option.
(/usr/share/texlive/texmf-dist/tex/latex/amsmath/amstext.sty
(/usr/share/texlive/texmf-dist/tex/latex/amsmath/amsgen.sty))
(/usr/share/texlive/texmf-dist/tex/latex/amsmath/amsbsy.sty)
(/usr/share/texlive/texmf-dist/tex/latex/amsmath/amsopn.sty))
(/usr/share/texlive/texmf-dist/tex/latex/amsfonts/amssymb.sty
(/usr/share/texlive/texmf-dist/tex/latex/amsfonts/amsfonts.sty))
(/usr/share/texlive/texmf-dist/tex/latex/amscls/amsthm.sty)
(/usr/share/texlive/texmf-dist/tex/latex/mathtools/mathtools.sty
(/usr/share/texlive/texmf-dist/tex/latex/tools/calc.sty)
(/usr/share/texlive/texmf-dist/tex/latex/mathtools/mhsetup.sty))
(/usr/share/texlive/texmf-dist/tex/latex/booktabs/booktabs.sty)
(/usr/share/texlive/texmf-dist/tex/latex/tools/longtable.sty)
(/usr/share/texlive/texmf-dist/tex/latex/tools/array.sty)
(/usr/share/texlive/texmf-dist/tex/latex/enumitem/enumitem.sty)
(/usr/share/texlive/texmf-dist/tex/latex/xurl/xurl.sty
(/usr/share/texlive/texmf-dist/tex/latex/url/url.sty))
(/usr/share/texlive/texmf-dist/tex/latex/hyperref/hyperref.sty
(/usr/share/texlive/texmf-dist/tex/latex/kvsetkeys/kvsetkeys.sty)
(/usr/share/texlive/texmf-dist/tex/generic/kvdefinekeys/kvdefinekeys.sty)
(/usr/share/texlive/texmf-dist/tex/generic/pdfescape/pdfescape.sty
(/usr/share/texlive/texmf-dist/tex/generic/ltxcmds/ltxcmds.sty)
(/usr/share/texlive/texmf-dist/tex/generic/pdftexcmds/pdftexcmds.sty
(/usr/share/texlive/texmf-dist/tex/generic/infwarerr/infwarerr.sty)))
(/usr/share/texlive/texmf-dist/tex/latex/hycolor/hycolor.sty)
(/usr/share/texlive/texmf-dist/tex/latex/hyperref/nameref.sty
(/usr/share/texlive/texmf-dist/tex/latex/refcount/refcount.sty)
(/usr/share/texlive/texmf-dist/tex/generic/gettitlestring/gettitlestring.sty
(/usr/share/texlive/texmf-dist/tex/latex/kvoptions/kvoptions.sty)))
(/usr/share/texlive/texmf-dist/tex/generic/stringenc/stringenc.sty)
(/usr/share/texlive/texmf-dist/tex/latex/hyperref/pd1enc.def)
(/usr/share/texlive/texmf-dist/tex/generic/intcalc/intcalc.sty)
(/usr/share/texlive/texmf-dist/tex/latex/hyperref/puenc.def)
(/usr/share/texlive/texmf-dist/tex/generic/bitset/bitset.sty
(/usr/share/texlive/texmf-dist/tex/generic/bigintcalc/bigintcalc.sty))
(/usr/share/texlive/texmf-dist/tex/latex/base/atbegshi-ltx.sty))
(/usr/share/texlive/texmf-dist/tex/latex/hyperref/hluatex.def
(/usr/share/texlive/texmf-dist/tex/latex/base/atveryend-ltx.sty)
(/usr/share/texlive/texmf-dist/tex/latex/rerunfilecheck/rerunfilecheck.sty
(/usr/share/texlive/texmf-dist/tex/generic/uniquecounter/uniquecounter.sty)))
(/usr/share/texlive/texmf-dist/tex/latex/bookmark/bookmark.sty
(/usr/share/texlive/texmf-dist/tex/latex/bookmark/bkm-pdftex.def))
No file main.aux.
*geometry* driver: auto-detecting
*geometry* detected driver: luatex
(/usr/share/texlive/texmf-dist/tex/latex/microtype/mt-LatinModernRoman.cfg)
(/usr/share/texlive/texmf-dist/tex/latex/graphics/graphicx.sty
(/usr/share/texlive/texmf-dist/tex/latex/graphics/graphics.sty
(/usr/share/texlive/texmf-dist/tex/latex/graphics/trig.sty)
(/usr/share/texlive/texmf-dist/tex/latex/graphics-cfg/graphics.cfg)
(/usr/share/texlive/texmf-dist/tex/latex/graphics-def/luatex.def
(/usr/share/texlive/texmf-dist/tex/context/base/mkii/supp-pdf.mkii
[Loading MPS to PDF converter (version 2006.09.02).]
))) (/usr/share/texlive/texmf-dist/tex/latex/epstopdf-pkg/epstopdf-base.sty
(/usr/share/texlive/texmf-dist/tex/latex/latexconfig/epstopdf-sys.cfg)))
(/usr/share/texlive/texmf-dist/tex/latex/amsfonts/umsa.fd)
(/usr/share/texlive/texmf-dist/tex/latex/microtype/mt-msa.cfg)
(/usr/share/texlive/texmf-dist/tex/latex/amsfonts/umsb.fd)
(/usr/share/texlive/texmf-dist/tex/latex/microtype/mt-msb.cfg)
(/usr/share/texlive/texmf-dist/tex/latex/microtype/mt-cmr.cfg)
No file main.toc.

[1{/var/lib/texmf/fonts/map/pdftex/updmap/pdftex.map}]
Overfull \hbox (33.82658pt too wide) detected at line 134
[]  \OT1/cmr/m/n/10.95 =[]\OMS/cmsy/m/n/10.95 )  []  \OT1/cmr/m/n/10.95 =[]\OMS
/cmsy/m/n/10.95 )  []\OML/cmm/m/it/10.95 :

[2]

LaTeX Warning: Reference `thm:1.1' on page 3 undefined on input line 219.


LaTeX Warning: Reference `thm:5.2' on page 3 undefined on input line 220.


LaTeX Warning: Reference `thm:6.1' on page 3 undefined on input line 221.


LaTeX Warning: Reference `thm:6.2' on page 3 undefined on input line 221.


LaTeX Warning: Reference `thm:7.2' on page 3 undefined on input line 222.


LaTeX Warning: Reference `thm:12.3' on page 3 undefined on input line 223.


LaTeX Warning: Reference `lem:13.1' on page 3 undefined on input line 224.


LaTeX Warning: Reference `thm:14.2' on page 3 undefined on input line 224.


LaTeX Warning: Reference `thm:15.2' on page 3 undefined on input line 224.


LaTeX Warning: Reference `thm:16.2' on page 3 undefined on input line 225.


LaTeX Warning: Reference `thm:18.3' on page 3 undefined on input line 225.


LaTeX Warning: Reference `prop:16.3' on page 3 undefined on input line 227.


LaTeX Warning: Reference `thm:17.1' on page 3 undefined on input line 227.


LaTeX Warning: Reference `thm:19.1' on page 3 undefined on input line 227.


LaTeX Warning: Reference `thm:20.1' on page 3 undefined on input line 228.


LaTeX Warning: Reference `finite-certificate-protocol' on page 3 undefined on i
nput line 229.


[3]

LaTeX Warning: Reference `appendix-information-theoretic-interpretation' on pag
e 4 undefined on input line 279.


LaTeX Warning: Reference `thm:12.3' on page 4 undefined on input line 306.


Underfull \hbox (badness 10000) in alignment at lines 336--340
[][][]

Underfull \hbox (badness 10000) in paragraph at lines 342--342
[]|\TU/lmr/m/n/10.95 as-so-cia-tiv-ity range, end-

Underfull \hbox (badness 1152) in paragraph at lines 342--343
[]|\TU/lmr/m/n/10.95 com-pact \TU/lmtt/m/n/10.95 tables/ \TU/lmr/m/n/10.95 plus
 L1

Underfull \hbox (badness 10000) in paragraph at lines 344--344
[]|\TU/lmr/m/n/10.95 op-er-a-tor, en-do-mor-phism,

Underfull \hbox (badness 10000) in alignment at lines 340--347
[][][]

[4]

LaTeX Warning: Citation `Landauer1961' on page 5 undefined on input line 370.


LaTeX Warning: Citation `Bennett1973' on page 5 undefined on input line 370.


LaTeX Warning: Citation `Bennett1982' on page 5 undefined on input line 370.


LaTeX Warning: Citation `Shannon1948' on page 5 undefined on input line 370.


LaTeX Warning: Citation `CoverThomas2006' on page 5 undefined on input line 370
.


LaTeX Warning: Citation `Birkhoff1935' on page 5 undefined on input line 373.


LaTeX Warning: Citation `Cohn1965' on page 5 undefined on input line 373.


LaTeX Warning: Citation `BurrisSankappanavar1981' on page 5 undefined on input 
line 373.


LaTeX Warning: Citation `Post1941' on page 5 undefined on input line 373.


LaTeX Warning: Citation `Rosenberg1970' on page 5 undefined on input line 373.


LaTeX Warning: Citation `Szendrei1986' on page 5 undefined on input line 373.


LaTeX Warning: Citation `Lau2006' on page 5 undefined on input line 373.


LaTeX Warning: Citation `Bruck1958' on page 5 undefined on input line 376.


LaTeX Warning: Citation `DenesKeedwell1974' on page 5 undefined on input line 3
76.


LaTeX Warning: Citation `Pflugfelder1990' on page 5 undefined on input line 376
.


LaTeX Warning: Citation `ColbournDinitz2007' on page 5 undefined on input line 
376.


LaTeX Warning: Citation `AppelHaken1977' on page 5 undefined on input line 378.



LaTeX Warning: Citation `AppelHakenKoch1977' on page 5 undefined on input line 
378.


LaTeX Warning: Citation `Gonthier2008' on page 5 undefined on input line 378.


LaTeX Warning: Citation `McCune1997' on page 5 undefined on input line 378.


LaTeX Warning: Citation `Hales2005' on page 5 undefined on input line 378.


LaTeX Warning: Citation `HalesEtAl2017' on page 5 undefined on input line 378.


LaTeX Warning: Citation `HornJohnson2012' on page 5 undefined on input line 381
.


LaTeX Warning: Citation `FultonHarris1991' on page 5 undefined on input line 38
1.


LaTeX Warning: Citation `Hall2015' on page 5 undefined on input line 381.


LaTeX Warning: Citation `GuilleminSternberg1990' on page 5 undefined on input l
ine 381.


LaTeX Warning: Citation `McDuffSalamon2017' on page 5 undefined on input line 3
81.

[5]

LaTeX Warning: Citation `Pflugfelder1990' on page 6 undefined on input line 488
.


LaTeX Warning: Citation `ColbournDinitz2007' on page 6 undefined on input line 
488.


[6]
[7]

LaTeX Warning: Reference `pure-cj-and-the-selection-theorem' on page 8 undefine
d on input line 634.


[8]

LaTeX Warning: Citation `Landauer1961' on page 9 undefined on input line 686.


LaTeX Warning: Citation `Bennett1973' on page 9 undefined on input line 686.


LaTeX Warning: Citation `Bennett1982' on page 9 undefined on input line 686.


[9]
[10]
Underfull \hbox (badness 10000) in alignment at lines 828--840
[][][][]

Underfull \hbox (badness 10000) in alignment at lines 840--842
[][][][]

Underfull \hbox (badness 10000) in alignment at lines 842--849
[][][][]

[11]
Underfull \hbox (badness 10000) in paragraph at lines 949--957
[]\TU/lmr/m/n/10.95 The end-point wit-nesses, end-point counts, or-bit rep-re-s
en-ta-tives, and partition-

Underfull \hbox (badness 10000) in paragraph at lines 949--957
\TU/lmr/m/n/10.95 function con-sis-tency are the A4--A5 obli-ga-tions of Lemma 
5.1. They

Underfull \hbox (badness 10000) in paragraph at lines 949--957
\TU/lmr/m/n/10.95 are recorded in \TU/lmtt/m/n/10.95 l1_assoc_distribution.csv\
TU/lmr/m/n/10.95 , \TU/lmtt/m/n/10.95 l1_extremal_loci_counts.csv\TU/lmr/m/n/10
.95 ,

Underfull \hbox (badness 10000) in paragraph at lines 949--957
\TU/lmtt/m/n/10.95 l1_extremal_loci_orbits.csv\TU/lmr/m/n/10.95 , \TU/lmtt/m/n/
10.95 l1_extremal_loci_solutions.csv\TU/lmr/m/n/10.95 , and

[12]
[13]
[14]
Underfull \hbox (badness 10000) in alignment at lines 1184--1194
[][][]

Underfull \hbox (badness 10000) in alignment at lines 1194--1196
[][][]

Underfull \hbox (badness 10000) in alignment at lines 1196--1205
[][][]

[15]
[16]

LaTeX Warning: Reference `thm:12.3' on page 17 undefined on input line 1343.


Underfull \hbox (badness 10000) in alignment at lines 1361--1365
[][][]

Underfull \hbox (badness 10000) in alignment at lines 1365--1367
[][][]

Underfull \hbox (badness 10000) in alignment at lines 1367--1371
[][][]

Package longtable Warning: Column widths have changed
(longtable)                in table 6 on input line 1371.


[17]
[18]
[19]
[20]

LaTeX Warning: Reference `thm:3.1' on page 21 undefined on input line 1651.


LaTeX Warning: Reference `thm:9.1' on page 21 undefined on input line 1657.


LaTeX Warning: Reference `prop:10.2' on page 21 undefined on input line 1658.


[21]

LaTeX Warning: Reference `thm:12.3' on page 22 undefined on input line 1719.


[22]
[23]

LaTeX Warning: Reference `prop:14.1' on page 24 undefined on input line 1868.


Underfull \hbox (badness 1210) in paragraph at lines 1880--1884
\TU/lmr/m/n/10.95 Thus each row con-tributes di-men-sion $\OT1/cmr/m/n/10.95 3$
\TU/lmr/m/n/10.95 , and the to-tal di-men-sion is $\OT1/cmr/m/n/10.95 9$\TU/lmr
/m/n/10.95 . The ta-ble

[24]

LaTeX Warning: Reference `prop:15.1' on page 25 undefined on input line 1988.


Underfull \hbox (badness 10000) in paragraph at lines 2019--2024
[]\TU/lmr/m/n/10.95 By $\OML/cmm/m/it/10.95 ^^[$\TU/lmr/m/n/10.95 -equivariance
 it is enough to work in row $\OT1/cmr/m/n/10.95 0$\TU/lmr/m/n/10.95 . The five
-

Underfull \hbox (badness 10000) in paragraph at lines 2019--2024
\TU/lmr/m/n/10.95 dimensional mul-ti-pli-ca-tion ta-ble, cen-ter, rad-i-cal, qu
o-tient, and operator-

Underfull \hbox (badness 4846) in paragraph at lines 2019--2024
\TU/lmr/m/n/10.95 boundary checks are recorded in \TU/lmtt/m/n/10.95 l3_fiber_a
lgebra_5dim_multiplication.csv \TU/lmr/m/n/10.95 and

[25]

LaTeX Warning: Reference `lem:16.1' on page 26 undefined on input line 2099.


[26]
[27]

LaTeX Warning: Reference `thm:7.1' on page 28 undefined on input line 2240.


[28]

LaTeX Warning: Reference `thm:7.1' on page 29 undefined on input line 2303.


LaTeX Warning: Reference `thm:7.2' on page 29 undefined on input line 2316.


LaTeX Warning: Reference `lem:13.1' on page 29 undefined on input line 2350.


[29]

LaTeX Warning: Reference `prop:18.1' on page 30 undefined on input line 2387.


LaTeX Warning: Citation `HornJohnson2012' on page 30 undefined on input line 24
00.


LaTeX Warning: Citation `FultonHarris1991' on page 30 undefined on input line 2
400.


LaTeX Warning: Citation `Hall2015' on page 30 undefined on input line 2400.

(/usr/share/texlive/texmf-dist/tex/latex/amsfonts/ueuf.fd)
(/usr/share/texlive/texmf-dist/tex/latex/microtype/mt-euf.cfg)
[30]

LaTeX Warning: Citation `McDuffSalamon2017' on page 31 undefined on input line 
2466.


Underfull \hbox (badness 4569) in paragraph at lines 2529--2534
\TU/lmr/m/n/10.95 The ma-tri-ces and tick-word au-dit are recorded in \TU/lmtt/
m/n/10.95 l3_signed_lift_matrices.csv\TU/lmr/m/n/10.95 ,

[31]
Underfull \hbox (badness 10000) in alignment at lines 2607--2617
[][][]

Underfull \hbox (badness 10000) in alignment at lines 2617--2619
[][][]

Underfull \hbox (badness 10000) in alignment at lines 2619--2625
[][][]

[32]
Underfull \hbox (badness 10000) in alignment at lines 2646--2656
[][][]

Underfull \hbox (badness 10000) in alignment at lines 2656--2658
[][][]

Underfull \hbox (badness 10000) in alignment at lines 2658--2666
[][][]

[33]

LaTeX Warning: Reference `thm:12.3' on page 34 undefined on input line 2747.


[34]

LaTeX Warning: Citation `Post1941' on page 35 undefined on input line 2766.


LaTeX Warning: Citation `Szendrei1986' on page 35 undefined on input line 2766.



LaTeX Warning: Citation `Lau2006' on page 35 undefined on input line 2766.


LaTeX Warning: Reference `thm:12.3' on page 35 undefined on input line 2834.


[35]

LaTeX Warning: Citation `Landauer1961' on page 36 undefined on input line 2853.



LaTeX Warning: Citation `Bennett1973' on page 36 undefined on input line 2853.


LaTeX Warning: Citation `Bennett1982' on page 36 undefined on input line 2853.


LaTeX Warning: Citation `Shannon1948' on page 36 undefined on input line 2881.


LaTeX Warning: Citation `CoverThomas2006' on page 36 undefined on input line 28
81.


Underfull \hbox (badness 10000) in alignment at lines 2897--2901
[][][]

Underfull \hbox (badness 10000) in alignment at lines 2901--2903
[][][]

Underfull \hbox (badness 10000) in paragraph at lines 2906--2906
\TU/lmr/m/n/10.95 non-triv-ial column-blind

Underfull \hbox (badness 10000) in paragraph at lines 2907--2907
[]|\TU/lmr/m/n/10.95 econ-omy/con-

LaTeX Warning: Reference `signed-symplectic-bridge' on page 36 undefined on inp
ut line 2907.


Underfull \hbox (badness 10000) in alignment at lines 2903--2910
[][][]

[36]
[37]
[38]
[39]
Underfull \hbox (badness 1102) in paragraph at lines 3087--3090
\TU/lmr/m/n/10.95 ies in Ad-vanced Math-e-mat-ics 49, Cam-bridge Uni-ver-sity P
ress, Cam-bridge, 2012.

Package longtable Warning: Table widths have changed. Rerun LaTeX.


[40] (./main.aux)

LaTeX Warning: There were undefined references.


LaTeX Warning: Label(s) may have changed. Rerun to get cross-references right.

)
(see the transcript file for additional information)
 1639 words of node memory still in use:
   7 hlist, 2 vlist, 2 rule, 1 local_par, 5 glue, 4 kern, 1 penalty, 3 glyph, 2
65 attribute, 64 glue_spec, 265 attribute_list, 1 write, 1 pdf_action nodes
   avail lists: 1:2,2:935,3:375,4:95,5:480,6:113,7:7285,8:73,9:932,10:24,11:583

</usr/share/texmf/fonts/opentype/public/lm/lmsans8-regular.otf></usr/share/texm
f/fonts/opentype/public/lm/lmsans12-regular.otf></usr/share/texmf/fonts/opentyp
e/public/lm/lmmono10-regular.otf></usr/share/texmf/fonts/opentype/public/lm/lmr
omandemi10-regular.otf></usr/share/texmf/fonts/opentype/public/lm/lmroman10-ita
lic.otf></usr/share/texmf/fonts/opentype/public/lm/lmroman9-regular.otf></usr/s
hare/texmf/fonts/opentype/public/lm/lmroman6-regular.otf></usr/share/texmf/font
s/opentype/public/lm/lmroman12-bold.otf></usr/share/texmf/fonts/opentype/public
/lm/lmsans10-regular.otf></usr/share/texmf/fonts/opentype/public/lm/lmroman10-r
egular.otf></usr/share/texmf/fonts/opentype/public/lm/lmroman10-bold.otf></usr/
share/texmf/fonts/opentype/public/lm/lmroman8-regular.otf></usr/share/texmf/fon
ts/opentype/public/lm/lmroman12-regular.otf></usr/share/texmf/fonts/opentype/pu
blic/lm/lmroman17-regular.otf></usr/share/texlive/texmf-dist/fonts/type1/public
/amsfonts/cm/cmex10.pfb></usr/share/texlive/texmf-dist/fonts/type1/public/amsfo
nts/cm/cmmi10.pfb></usr/share/texlive/texmf-dist/fonts/type1/public/amsfonts/cm
/cmmi12.pfb></usr/share/texlive/texmf-dist/fonts/type1/public/amsfonts/cm/cmmi6
.pfb></usr/share/texlive/texmf-dist/fonts/type1/public/amsfonts/cm/cmmi7.pfb></
usr/share/texlive/texmf-dist/fonts/type1/public/amsfonts/cm/cmmi8.pfb></usr/sha
re/texlive/texmf-dist/fonts/type1/public/amsfonts/cm/cmr10.pfb></usr/share/texl
ive/texmf-dist/fonts/type1/public/amsfonts/cm/cmr12.pfb></usr/share/texlive/tex
mf-dist/fonts/type1/public/amsfonts/cm/cmr6.pfb></usr/share/texlive/texmf-dist/
fonts/type1/public/amsfonts/cm/cmr7.pfb></usr/share/texlive/texmf-dist/fonts/ty
pe1/public/amsfonts/cm/cmr8.pfb></usr/share/texlive/texmf-dist/fonts/type1/publ
ic/amsfonts/cm/cmsy10.pfb></usr/share/texlive/texmf-dist/fonts/type1/public/ams
fonts/cm/cmsy5.pfb></usr/share/texlive/texmf-dist/fonts/type1/public/amsfonts/c
m/cmsy6.pfb></usr/share/texlive/texmf-dist/fonts/type1/public/amsfonts/cm/cmsy7
.pfb></usr/share/texlive/texmf-dist/fonts/type1/public/amsfonts/cm/cmsy8.pfb></
usr/share/texlive/texmf-dist/fonts/type1/public/amsfonts/euler/eufm10.pfb></usr
/share/texlive/texmf-dist/fonts/type1/public/amsfonts/symbols/msam10.pfb></usr/
share/texlive/texmf-dist/fonts/type1/public/amsfonts/symbols/msbm10.pfb>
Output written on main.pdf (40 pages, 398732 bytes).
Transcript written on main.log.
This is LuaHBTeX, Version 1.18.0 (TeX Live 2025/dev/Debian) 
 restricted system commands enabled.
(./main.tex
LaTeX2e <2024-11-01> patch level 2
L3 programming layer <2025-01-18>
 (/usr/share/texlive/texmf-dist/tex/latex/base/article.cls
Document Class: article 2024/06/29 v1.4n Standard LaTeX document class
(/usr/share/texlive/texmf-dist/tex/latex/base/size11.clo
luaotfload | db : Reload initiated (formats: otf,ttf,ttc); reason: File not found: "lmroman10-regular".))
(/usr/share/texlive/texmf-dist/tex/latex/geometry/geometry.sty
(/usr/share/texlive/texmf-dist/tex/latex/graphics/keyval.sty)
(/usr/share/texlive/texmf-dist/tex/generic/iftex/ifvtex.sty
(/usr/share/texlive/texmf-dist/tex/generic/iftex/iftex.sty)))
(/usr/share/texlive/texmf-dist/tex/latex/fontspec/fontspec.sty
(/usr/share/texlive/texmf-dist/tex/latex/l3packages/xparse/xparse.sty
(/usr/share/texlive/texmf-dist/tex/latex/l3kernel/expl3.sty
(/usr/share/texlive/texmf-dist/tex/latex/l3backend/l3backend-luatex.def)))
(/usr/share/texlive/texmf-dist/tex/latex/fontspec/fontspec-luatex.sty
(/usr/share/texlive/texmf-dist/tex/latex/base/fontenc.sty)
(/usr/share/texlive/texmf-dist/tex/latex/fontspec/fontspec.cfg)))
(/usr/share/texlive/texmf-dist/tex/latex/microtype/microtype.sty
(/usr/share/texlive/texmf-dist/tex/latex/etoolbox/etoolbox.sty)
(/usr/share/texlive/texmf-dist/tex/latex/microtype/microtype-luatex.def)
(/usr/share/texlive/texmf-dist/tex/latex/microtype/microtype.cfg))
(/usr/share/texlive/texmf-dist/tex/latex/amsmath/amsmath.sty
For additional information on amsmath, use the `?' option.
(/usr/share/texlive/texmf-dist/tex/latex/amsmath/amstext.sty
(/usr/share/texlive/texmf-dist/tex/latex/amsmath/amsgen.sty))
(/usr/share/texlive/texmf-dist/tex/latex/amsmath/amsbsy.sty)
(/usr/share/texlive/texmf-dist/tex/latex/amsmath/amsopn.sty))
(/usr/share/texlive/texmf-dist/tex/latex/amsfonts/amssymb.sty
(/usr/share/texlive/texmf-dist/tex/latex/amsfonts/amsfonts.sty))
(/usr/share/texlive/texmf-dist/tex/latex/amscls/amsthm.sty)
(/usr/share/texlive/texmf-dist/tex/latex/mathtools/mathtools.sty
(/usr/share/texlive/texmf-dist/tex/latex/tools/calc.sty)
(/usr/share/texlive/texmf-dist/tex/latex/mathtools/mhsetup.sty))
(/usr/share/texlive/texmf-dist/tex/latex/booktabs/booktabs.sty)
(/usr/share/texlive/texmf-dist/tex/latex/tools/longtable.sty)
(/usr/share/texlive/texmf-dist/tex/latex/tools/array.sty)
(/usr/share/texlive/texmf-dist/tex/latex/enumitem/enumitem.sty)
(/usr/share/texlive/texmf-dist/tex/latex/xurl/xurl.sty
(/usr/share/texlive/texmf-dist/tex/latex/url/url.sty))
(/usr/share/texlive/texmf-dist/tex/latex/hyperref/hyperref.sty
(/usr/share/texlive/texmf-dist/tex/latex/kvsetkeys/kvsetkeys.sty)
(/usr/share/texlive/texmf-dist/tex/generic/kvdefinekeys/kvdefinekeys.sty)
(/usr/share/texlive/texmf-dist/tex/generic/pdfescape/pdfescape.sty
(/usr/share/texlive/texmf-dist/tex/generic/ltxcmds/ltxcmds.sty)
(/usr/share/texlive/texmf-dist/tex/generic/pdftexcmds/pdftexcmds.sty
(/usr/share/texlive/texmf-dist/tex/generic/infwarerr/infwarerr.sty)))
(/usr/share/texlive/texmf-dist/tex/latex/hycolor/hycolor.sty)
(/usr/share/texlive/texmf-dist/tex/latex/hyperref/nameref.sty
(/usr/share/texlive/texmf-dist/tex/latex/refcount/refcount.sty)
(/usr/share/texlive/texmf-dist/tex/generic/gettitlestring/gettitlestring.sty
(/usr/share/texlive/texmf-dist/tex/latex/kvoptions/kvoptions.sty)))
(/usr/share/texlive/texmf-dist/tex/generic/stringenc/stringenc.sty)
(/usr/share/texlive/texmf-dist/tex/latex/hyperref/pd1enc.def)
(/usr/share/texlive/texmf-dist/tex/generic/intcalc/intcalc.sty)
(/usr/share/texlive/texmf-dist/tex/latex/hyperref/puenc.def)
(/usr/share/texlive/texmf-dist/tex/generic/bitset/bitset.sty
(/usr/share/texlive/texmf-dist/tex/generic/bigintcalc/bigintcalc.sty))
(/usr/share/texlive/texmf-dist/tex/latex/base/atbegshi-ltx.sty))
(/usr/share/texlive/texmf-dist/tex/latex/hyperref/hluatex.def
(/usr/share/texlive/texmf-dist/tex/latex/base/atveryend-ltx.sty)
(/usr/share/texlive/texmf-dist/tex/latex/rerunfilecheck/rerunfilecheck.sty
(/usr/share/texlive/texmf-dist/tex/generic/uniquecounter/uniquecounter.sty)))
(/usr/share/texlive/texmf-dist/tex/latex/bookmark/bookmark.sty
(/usr/share/texlive/texmf-dist/tex/latex/bookmark/bkm-pdftex.def)) (./main.aux)
*geometry* driver: auto-detecting
*geometry* detected driver: luatex
(/usr/share/texlive/texmf-dist/tex/latex/microtype/mt-LatinModernRoman.cfg)
(/usr/share/texlive/texmf-dist/tex/latex/graphics/graphicx.sty
(/usr/share/texlive/texmf-dist/tex/latex/graphics/graphics.sty
(/usr/share/texlive/texmf-dist/tex/latex/graphics/trig.sty)
(/usr/share/texlive/texmf-dist/tex/latex/graphics-cfg/graphics.cfg)
(/usr/share/texlive/texmf-dist/tex/latex/graphics-def/luatex.def
(/usr/share/texlive/texmf-dist/tex/context/base/mkii/supp-pdf.mkii
[Loading MPS to PDF converter (version 2006.09.02).]
))) (/usr/share/texlive/texmf-dist/tex/latex/epstopdf-pkg/epstopdf-base.sty
(/usr/share/texlive/texmf-dist/tex/latex/latexconfig/epstopdf-sys.cfg)))
(/usr/share/texlive/texmf-dist/tex/latex/amsfonts/umsa.fd)
(/usr/share/texlive/texmf-dist/tex/latex/microtype/mt-msa.cfg)
(/usr/share/texlive/texmf-dist/tex/latex/amsfonts/umsb.fd)
(/usr/share/texlive/texmf-dist/tex/latex/microtype/mt-msb.cfg)
(/usr/share/texlive/texmf-dist/tex/latex/microtype/mt-cmr.cfg) (./main.toc
[1{/var/lib/texmf/fonts/map/pdftex/updmap/pdftex.map}]
[2]
[3])
[4]
Overfull \hbox (33.82658pt too wide) detected at line 134
[]  \OT1/cmr/m/n/10.95 =[]\OMS/cmsy/m/n/10.95 )  []  \OT1/cmr/m/n/10.95 =[]\OMS
/cmsy/m/n/10.95 )  []\OML/cmm/m/it/10.95 :

[5]
[6]
Underfull \hbox (badness 10000) in alignment at lines 336--340
[][][]

Underfull \hbox (badness 10000) in paragraph at lines 342--342
[]|\TU/lmr/m/n/10.95 as-so-cia-tiv-ity range, end-

Underfull \hbox (badness 1152) in paragraph at lines 342--343
[]|\TU/lmr/m/n/10.95 com-pact \TU/lmtt/m/n/10.95 tables/ \TU/lmr/m/n/10.95 plus
 L1

Underfull \hbox (badness 10000) in paragraph at lines 344--344
[]|\TU/lmr/m/n/10.95 op-er-a-tor, en-do-mor-phism,

Underfull \hbox (badness 10000) in alignment at lines 340--347
[][][]

[7] [8]
[9]
[10]
[11]
[12]
[13]
Underfull \hbox (badness 10000) in alignment at lines 828--840
[][][][]

Underfull \hbox (badness 10000) in alignment at lines 840--842
[][][][]

Underfull \hbox (badness 10000) in alignment at lines 842--849
[][][][]

[14] [15]
Underfull \hbox (badness 10000) in paragraph at lines 949--957
[]\TU/lmr/m/n/10.95 The end-point wit-nesses, end-point counts, or-bit rep-re-s
en-ta-tives, and partition-

Underfull \hbox (badness 10000) in paragraph at lines 949--957
\TU/lmr/m/n/10.95 function con-sis-tency are the A4--A5 obli-ga-tions of Lemma 
5.1. They

Underfull \hbox (badness 10000) in paragraph at lines 949--957
\TU/lmr/m/n/10.95 are recorded in \TU/lmtt/m/n/10.95 l1_assoc_distribution.csv\
TU/lmr/m/n/10.95 , \TU/lmtt/m/n/10.95 l1_extremal_loci_counts.csv\TU/lmr/m/n/10
.95 ,

Underfull \hbox (badness 10000) in paragraph at lines 949--957
\TU/lmtt/m/n/10.95 l1_extremal_loci_orbits.csv\TU/lmr/m/n/10.95 , \TU/lmtt/m/n/
10.95 l1_extremal_loci_solutions.csv\TU/lmr/m/n/10.95 , and

[16]
[17]
Underfull \hbox (badness 10000) in alignment at lines 1184--1194
[][][]

Underfull \hbox (badness 10000) in alignment at lines 1194--1196
[][][]

Underfull \hbox (badness 10000) in alignment at lines 1196--1205
[][][]

[18]
[19]
[20]
Underfull \hbox (badness 10000) in alignment at lines 1361--1365
[][][]

Underfull \hbox (badness 10000) in alignment at lines 1365--1367
[][][]

Underfull \hbox (badness 10000) in alignment at lines 1367--1371
[][][]

[21]
[22]
[23]
[24]
[25]
[26]
[27]
Underfull \hbox (badness 1210) in paragraph at lines 1880--1884
\TU/lmr/m/n/10.95 Thus each row con-tributes di-men-sion $\OT1/cmr/m/n/10.95 3$
\TU/lmr/m/n/10.95 , and the to-tal di-men-sion is $\OT1/cmr/m/n/10.95 9$\TU/lmr
/m/n/10.95 . The ta-ble

[28]
Underfull \hbox (badness 10000) in paragraph at lines 2019--2024
[]\TU/lmr/m/n/10.95 By $\OML/cmm/m/it/10.95 ^^[$\TU/lmr/m/n/10.95 -equivariance
 it is enough to work in row $\OT1/cmr/m/n/10.95 0$\TU/lmr/m/n/10.95 . The five
-

Underfull \hbox (badness 10000) in paragraph at lines 2019--2024
\TU/lmr/m/n/10.95 dimensional mul-ti-pli-ca-tion ta-ble, cen-ter, rad-i-cal, qu
o-tient, and operator-

Underfull \hbox (badness 4846) in paragraph at lines 2019--2024
\TU/lmr/m/n/10.95 boundary checks are recorded in \TU/lmtt/m/n/10.95 l3_fiber_a
lgebra_5dim_multiplication.csv \TU/lmr/m/n/10.95 and

[29]
[30]
[31]
[32]
[33] (/usr/share/texlive/texmf-dist/tex/latex/amsfonts/ueuf.fd)
(/usr/share/texlive/texmf-dist/tex/latex/microtype/mt-euf.cfg)
[34]
Underfull \hbox (badness 4569) in paragraph at lines 2529--2534
\TU/lmr/m/n/10.95 The ma-tri-ces and tick-word au-dit are recorded in \TU/lmtt/
m/n/10.95 l3_signed_lift_matrices.csv\TU/lmr/m/n/10.95 ,

[35]
Underfull \hbox (badness 10000) in alignment at lines 2607--2617
[][][]

Underfull \hbox (badness 10000) in alignment at lines 2617--2619
[][][]

Underfull \hbox (badness 10000) in alignment at lines 2619--2625
[][][]

Underfull \hbox (badness 10000) in alignment at lines 2646--2656
[][][]

Underfull \hbox (badness 10000) in alignment at lines 2656--2658
[][][]

Underfull \hbox (badness 10000) in alignment at lines 2658--2666
[][][]
[36]
[37] [38]
[39]
Underfull \hbox (badness 10000) in alignment at lines 2897--2901
[][][]

Underfull \hbox (badness 10000) in alignment at lines 2901--2903
[][][]

Underfull \hbox (badness 10000) in paragraph at lines 2906--2906
\TU/lmr/m/n/10.95 non-triv-ial column-blind

Underfull \hbox (badness 10000) in paragraph at lines 2907--2907
[]|\TU/lmr/m/n/10.95 econ-omy/con-

Underfull \hbox (badness 10000) in alignment at lines 2903--2910
[][][]

[40]
[41]
[42]
Underfull \hbox (badness 1102) in paragraph at lines 3087--3090
\TU/lmr/m/n/10.95 ies in Ad-vanced Math-e-mat-ics 49, Cam-bridge Uni-ver-sity P
ress, Cam-bridge, 2012.

[43] (./main.aux)

LaTeX Warning: Label(s) may have changed. Rerun to get cross-references right.

)
(see the transcript file for additional information)
 1639 words of node memory still in use:
   7 hlist, 2 vlist, 2 rule, 1 local_par, 5 glue, 4 kern, 1 penalty, 3 glyph, 2
65 attribute, 64 glue_spec, 265 attribute_list, 1 write, 1 pdf_action nodes
   avail lists: 1:2,2:853,3:422,4:95,5:438,6:138,7:6886,8:73,9:974,10:24,11:492

</usr/share/texmf/fonts/opentype/public/lm/lmsans8-regular.otf></usr/share/texm
f/fonts/opentype/public/lm/lmsans12-regular.otf></usr/share/texmf/fonts/opentyp
e/public/lm/lmmono10-regular.otf></usr/share/texmf/fonts/opentype/public/lm/lmr
omandemi10-regular.otf></usr/share/texmf/fonts/opentype/public/lm/lmroman10-ita
lic.otf></usr/share/texmf/fonts/opentype/public/lm/lmroman12-bold.otf></usr/sha
re/texmf/fonts/opentype/public/lm/lmroman9-regular.otf></usr/share/texmf/fonts/
opentype/public/lm/lmroman6-regular.otf></usr/share/texmf/fonts/opentype/public
/lm/lmsans10-regular.otf></usr/share/texmf/fonts/opentype/public/lm/lmroman10-r
egular.otf></usr/share/texmf/fonts/opentype/public/lm/lmroman10-bold.otf></usr/
share/texmf/fonts/opentype/public/lm/lmroman8-regular.otf></usr/share/texmf/fon
ts/opentype/public/lm/lmroman12-regular.otf></usr/share/texmf/fonts/opentype/pu
blic/lm/lmroman17-regular.otf></usr/share/texlive/texmf-dist/fonts/type1/public
/amsfonts/cm/cmex10.pfb></usr/share/texlive/texmf-dist/fonts/type1/public/amsfo
nts/cm/cmmi10.pfb></usr/share/texlive/texmf-dist/fonts/type1/public/amsfonts/cm
/cmmi12.pfb></usr/share/texlive/texmf-dist/fonts/type1/public/amsfonts/cm/cmmi6
.pfb></usr/share/texlive/texmf-dist/fonts/type1/public/amsfonts/cm/cmmi7.pfb></
usr/share/texlive/texmf-dist/fonts/type1/public/amsfonts/cm/cmmi8.pfb></usr/sha
re/texlive/texmf-dist/fonts/type1/public/amsfonts/cm/cmr10.pfb></usr/share/texl
ive/texmf-dist/fonts/type1/public/amsfonts/cm/cmr12.pfb></usr/share/texlive/tex
mf-dist/fonts/type1/public/amsfonts/cm/cmr6.pfb></usr/share/texlive/texmf-dist/
fonts/type1/public/amsfonts/cm/cmr7.pfb></usr/share/texlive/texmf-dist/fonts/ty
pe1/public/amsfonts/cm/cmr8.pfb></usr/share/texlive/texmf-dist/fonts/type1/publ
ic/amsfonts/cm/cmsy10.pfb></usr/share/texlive/texmf-dist/fonts/type1/public/ams
fonts/cm/cmsy5.pfb></usr/share/texlive/texmf-dist/fonts/type1/public/amsfonts/c
m/cmsy6.pfb></usr/share/texlive/texmf-dist/fonts/type1/public/amsfonts/cm/cmsy7
.pfb></usr/share/texlive/texmf-dist/fonts/type1/public/amsfonts/cm/cmsy8.pfb></
usr/share/texlive/texmf-dist/fonts/type1/public/amsfonts/euler/eufm10.pfb></usr
/share/texlive/texmf-dist/fonts/type1/public/amsfonts/symbols/msam10.pfb></usr/
share/texlive/texmf-dist/fonts/type1/public/amsfonts/symbols/msbm10.pfb>
Output written on main.pdf (43 pages, 410292 bytes).
Transcript written on main.log.
This is LuaHBTeX, Version 1.18.0 (TeX Live 2025/dev/Debian) 
 restricted system commands enabled.
(./main.tex
LaTeX2e <2024-11-01> patch level 2
L3 programming layer <2025-01-18>
 (/usr/share/texlive/texmf-dist/tex/latex/base/article.cls
Document Class: article 2024/06/29 v1.4n Standard LaTeX document class
(/usr/share/texlive/texmf-dist/tex/latex/base/size11.clo
luaotfload | db : Reload initiated (formats: otf,ttf,ttc); reason: File not found: "lmroman10-regular".))
(/usr/share/texlive/texmf-dist/tex/latex/geometry/geometry.sty
(/usr/share/texlive/texmf-dist/tex/latex/graphics/keyval.sty)
(/usr/share/texlive/texmf-dist/tex/generic/iftex/ifvtex.sty
(/usr/share/texlive/texmf-dist/tex/generic/iftex/iftex.sty)))
(/usr/share/texlive/texmf-dist/tex/latex/fontspec/fontspec.sty
(/usr/share/texlive/texmf-dist/tex/latex/l3packages/xparse/xparse.sty
(/usr/share/texlive/texmf-dist/tex/latex/l3kernel/expl3.sty
(/usr/share/texlive/texmf-dist/tex/latex/l3backend/l3backend-luatex.def)))
(/usr/share/texlive/texmf-dist/tex/latex/fontspec/fontspec-luatex.sty
(/usr/share/texlive/texmf-dist/tex/latex/base/fontenc.sty)
(/usr/share/texlive/texmf-dist/tex/latex/fontspec/fontspec.cfg)))
(/usr/share/texlive/texmf-dist/tex/latex/microtype/microtype.sty
(/usr/share/texlive/texmf-dist/tex/latex/etoolbox/etoolbox.sty)
(/usr/share/texlive/texmf-dist/tex/latex/microtype/microtype-luatex.def)
(/usr/share/texlive/texmf-dist/tex/latex/microtype/microtype.cfg))
(/usr/share/texlive/texmf-dist/tex/latex/amsmath/amsmath.sty
For additional information on amsmath, use the `?' option.
(/usr/share/texlive/texmf-dist/tex/latex/amsmath/amstext.sty
(/usr/share/texlive/texmf-dist/tex/latex/amsmath/amsgen.sty))
(/usr/share/texlive/texmf-dist/tex/latex/amsmath/amsbsy.sty)
(/usr/share/texlive/texmf-dist/tex/latex/amsmath/amsopn.sty))
(/usr/share/texlive/texmf-dist/tex/latex/amsfonts/amssymb.sty
(/usr/share/texlive/texmf-dist/tex/latex/amsfonts/amsfonts.sty))
(/usr/share/texlive/texmf-dist/tex/latex/amscls/amsthm.sty)
(/usr/share/texlive/texmf-dist/tex/latex/mathtools/mathtools.sty
(/usr/share/texlive/texmf-dist/tex/latex/tools/calc.sty)
(/usr/share/texlive/texmf-dist/tex/latex/mathtools/mhsetup.sty))
(/usr/share/texlive/texmf-dist/tex/latex/booktabs/booktabs.sty)
(/usr/share/texlive/texmf-dist/tex/latex/tools/longtable.sty)
(/usr/share/texlive/texmf-dist/tex/latex/tools/array.sty)
(/usr/share/texlive/texmf-dist/tex/latex/enumitem/enumitem.sty)
(/usr/share/texlive/texmf-dist/tex/latex/xurl/xurl.sty
(/usr/share/texlive/texmf-dist/tex/latex/url/url.sty))
(/usr/share/texlive/texmf-dist/tex/latex/hyperref/hyperref.sty
(/usr/share/texlive/texmf-dist/tex/latex/kvsetkeys/kvsetkeys.sty)
(/usr/share/texlive/texmf-dist/tex/generic/kvdefinekeys/kvdefinekeys.sty)
(/usr/share/texlive/texmf-dist/tex/generic/pdfescape/pdfescape.sty
(/usr/share/texlive/texmf-dist/tex/generic/ltxcmds/ltxcmds.sty)
(/usr/share/texlive/texmf-dist/tex/generic/pdftexcmds/pdftexcmds.sty
(/usr/share/texlive/texmf-dist/tex/generic/infwarerr/infwarerr.sty)))
(/usr/share/texlive/texmf-dist/tex/latex/hycolor/hycolor.sty)
(/usr/share/texlive/texmf-dist/tex/latex/hyperref/nameref.sty
(/usr/share/texlive/texmf-dist/tex/latex/refcount/refcount.sty)
(/usr/share/texlive/texmf-dist/tex/generic/gettitlestring/gettitlestring.sty
(/usr/share/texlive/texmf-dist/tex/latex/kvoptions/kvoptions.sty)))
(/usr/share/texlive/texmf-dist/tex/generic/stringenc/stringenc.sty)
(/usr/share/texlive/texmf-dist/tex/latex/hyperref/pd1enc.def)
(/usr/share/texlive/texmf-dist/tex/generic/intcalc/intcalc.sty)
(/usr/share/texlive/texmf-dist/tex/latex/hyperref/puenc.def)
(/usr/share/texlive/texmf-dist/tex/generic/bitset/bitset.sty
(/usr/share/texlive/texmf-dist/tex/generic/bigintcalc/bigintcalc.sty))
(/usr/share/texlive/texmf-dist/tex/latex/base/atbegshi-ltx.sty))
(/usr/share/texlive/texmf-dist/tex/latex/hyperref/hluatex.def
(/usr/share/texlive/texmf-dist/tex/latex/base/atveryend-ltx.sty)
(/usr/share/texlive/texmf-dist/tex/latex/rerunfilecheck/rerunfilecheck.sty
(/usr/share/texlive/texmf-dist/tex/generic/uniquecounter/uniquecounter.sty)))
(/usr/share/texlive/texmf-dist/tex/latex/bookmark/bookmark.sty
(/usr/share/texlive/texmf-dist/tex/latex/bookmark/bkm-pdftex.def)) (./main.aux)
*geometry* driver: auto-detecting
*geometry* detected driver: luatex
(/usr/share/texlive/texmf-dist/tex/latex/microtype/mt-LatinModernRoman.cfg)
(/usr/share/texlive/texmf-dist/tex/latex/graphics/graphicx.sty
(/usr/share/texlive/texmf-dist/tex/latex/graphics/graphics.sty
(/usr/share/texlive/texmf-dist/tex/latex/graphics/trig.sty)
(/usr/share/texlive/texmf-dist/tex/latex/graphics-cfg/graphics.cfg)
(/usr/share/texlive/texmf-dist/tex/latex/graphics-def/luatex.def
(/usr/share/texlive/texmf-dist/tex/context/base/mkii/supp-pdf.mkii
[Loading MPS to PDF converter (version 2006.09.02).]
))) (/usr/share/texlive/texmf-dist/tex/latex/epstopdf-pkg/epstopdf-base.sty
(/usr/share/texlive/texmf-dist/tex/latex/latexconfig/epstopdf-sys.cfg)))
(/usr/share/texlive/texmf-dist/tex/latex/amsfonts/umsa.fd)
(/usr/share/texlive/texmf-dist/tex/latex/microtype/mt-msa.cfg)
(/usr/share/texlive/texmf-dist/tex/latex/amsfonts/umsb.fd)
(/usr/share/texlive/texmf-dist/tex/latex/microtype/mt-msb.cfg)
(/usr/share/texlive/texmf-dist/tex/latex/microtype/mt-cmr.cfg) (./main.toc
[1{/var/lib/texmf/fonts/map/pdftex/updmap/pdftex.map}]
[2]
[3])
[4]
Overfull \hbox (33.82658pt too wide) detected at line 134
[]  \OT1/cmr/m/n/10.95 =[]\OMS/cmsy/m/n/10.95 )  []  \OT1/cmr/m/n/10.95 =[]\OMS
/cmsy/m/n/10.95 )  []\OML/cmm/m/it/10.95 :

[5]
[6]
Underfull \hbox (badness 10000) in alignment at lines 336--340
[][][]

Underfull \hbox (badness 10000) in paragraph at lines 342--342
[]|\TU/lmr/m/n/10.95 as-so-cia-tiv-ity range, end-

Underfull \hbox (badness 1152) in paragraph at lines 342--343
[]|\TU/lmr/m/n/10.95 com-pact \TU/lmtt/m/n/10.95 tables/ \TU/lmr/m/n/10.95 plus
 L1

Underfull \hbox (badness 10000) in paragraph at lines 344--344
[]|\TU/lmr/m/n/10.95 op-er-a-tor, en-do-mor-phism,

Underfull \hbox (badness 10000) in alignment at lines 340--347
[][][]

[7] [8]
[9]
[10]
[11]
[12]
[13]
Underfull \hbox (badness 10000) in alignment at lines 828--840
[][][][]

Underfull \hbox (badness 10000) in alignment at lines 840--842
[][][][]

Underfull \hbox (badness 10000) in alignment at lines 842--849
[][][][]

[14] [15]
Underfull \hbox (badness 10000) in paragraph at lines 949--957
[]\TU/lmr/m/n/10.95 The end-point wit-nesses, end-point counts, or-bit rep-re-s
en-ta-tives, and partition-

Underfull \hbox (badness 10000) in paragraph at lines 949--957
\TU/lmr/m/n/10.95 function con-sis-tency are the A4--A5 obli-ga-tions of Lemma 
5.1. They

Underfull \hbox (badness 10000) in paragraph at lines 949--957
\TU/lmr/m/n/10.95 are recorded in \TU/lmtt/m/n/10.95 l1_assoc_distribution.csv\
TU/lmr/m/n/10.95 , \TU/lmtt/m/n/10.95 l1_extremal_loci_counts.csv\TU/lmr/m/n/10
.95 ,

Underfull \hbox (badness 10000) in paragraph at lines 949--957
\TU/lmtt/m/n/10.95 l1_extremal_loci_orbits.csv\TU/lmr/m/n/10.95 , \TU/lmtt/m/n/
10.95 l1_extremal_loci_solutions.csv\TU/lmr/m/n/10.95 , and

[16]
[17]
Underfull \hbox (badness 10000) in alignment at lines 1184--1194
[][][]

Underfull \hbox (badness 10000) in alignment at lines 1194--1196
[][][]

Underfull \hbox (badness 10000) in alignment at lines 1196--1205
[][][]

[18]
[19]
[20]
Underfull \hbox (badness 10000) in alignment at lines 1361--1365
[][][]

Underfull \hbox (badness 10000) in alignment at lines 1365--1367
[][][]

Underfull \hbox (badness 10000) in alignment at lines 1367--1371
[][][]

[21]
[22]
[23]
[24]
[25]
[26]
[27]
Underfull \hbox (badness 1210) in paragraph at lines 1880--1884
\TU/lmr/m/n/10.95 Thus each row con-tributes di-men-sion $\OT1/cmr/m/n/10.95 3$
\TU/lmr/m/n/10.95 , and the to-tal di-men-sion is $\OT1/cmr/m/n/10.95 9$\TU/lmr
/m/n/10.95 . The ta-ble

[28]
Underfull \hbox (badness 10000) in paragraph at lines 2019--2024
[]\TU/lmr/m/n/10.95 By $\OML/cmm/m/it/10.95 ^^[$\TU/lmr/m/n/10.95 -equivariance
 it is enough to work in row $\OT1/cmr/m/n/10.95 0$\TU/lmr/m/n/10.95 . The five
-

Underfull \hbox (badness 10000) in paragraph at lines 2019--2024
\TU/lmr/m/n/10.95 dimensional mul-ti-pli-ca-tion ta-ble, cen-ter, rad-i-cal, qu
o-tient, and operator-

Underfull \hbox (badness 4846) in paragraph at lines 2019--2024
\TU/lmr/m/n/10.95 boundary checks are recorded in \TU/lmtt/m/n/10.95 l3_fiber_a
lgebra_5dim_multiplication.csv \TU/lmr/m/n/10.95 and

[29]
[30]
[31]
[32]
[33] (/usr/share/texlive/texmf-dist/tex/latex/amsfonts/ueuf.fd)
(/usr/share/texlive/texmf-dist/tex/latex/microtype/mt-euf.cfg)
[34]
Underfull \hbox (badness 4569) in paragraph at lines 2529--2534
\TU/lmr/m/n/10.95 The ma-tri-ces and tick-word au-dit are recorded in \TU/lmtt/
m/n/10.95 l3_signed_lift_matrices.csv\TU/lmr/m/n/10.95 ,

[35]
Underfull \hbox (badness 10000) in alignment at lines 2607--2617
[][][]

Underfull \hbox (badness 10000) in alignment at lines 2617--2619
[][][]

Underfull \hbox (badness 10000) in alignment at lines 2619--2625
[][][]

Underfull \hbox (badness 10000) in alignment at lines 2646--2656
[][][]

Underfull \hbox (badness 10000) in alignment at lines 2656--2658
[][][]

Underfull \hbox (badness 10000) in alignment at lines 2658--2666
[][][]
[36]
[37] [38]
[39]
Underfull \hbox (badness 10000) in alignment at lines 2897--2901
[][][]

Underfull \hbox (badness 10000) in alignment at lines 2901--2903
[][][]

Underfull \hbox (badness 10000) in paragraph at lines 2906--2906
\TU/lmr/m/n/10.95 non-triv-ial column-blind

Underfull \hbox (badness 10000) in paragraph at lines 2907--2907
[]|\TU/lmr/m/n/10.95 econ-omy/con-

Underfull \hbox (badness 10000) in alignment at lines 2903--2910
[][][]

[40]
[41]
[42]
Underfull \hbox (badness 1102) in paragraph at lines 3087--3090
\TU/lmr/m/n/10.95 ies in Ad-vanced Math-e-mat-ics 49, Cam-bridge Uni-ver-sity P
ress, Cam-bridge, 2012.

[43] (./main.aux))
(see the transcript file for additional information)
 1639 words of node memory still in use:
   7 hlist, 2 vlist, 2 rule, 1 local_par, 5 glue, 4 kern, 1 penalty, 3 glyph, 2
65 attribute, 64 glue_spec, 265 attribute_list, 1 write, 1 pdf_action nodes
   avail lists: 1:2,2:853,3:422,4:95,5:438,6:138,7:6886,8:73,9:974,10:24,11:492

</usr/share/texmf/fonts/opentype/public/lm/lmsans8-regular.otf></usr/share/texm
f/fonts/opentype/public/lm/lmsans12-regular.otf></usr/share/texmf/fonts/opentyp
e/public/lm/lmmono10-regular.otf></usr/share/texmf/fonts/opentype/public/lm/lmr
omandemi10-regular.otf></usr/share/texmf/fonts/opentype/public/lm/lmroman10-ita
lic.otf></usr/share/texmf/fonts/opentype/public/lm/lmroman12-bold.otf></usr/sha
re/texmf/fonts/opentype/public/lm/lmroman9-regular.otf></usr/share/texmf/fonts/
opentype/public/lm/lmroman6-regular.otf></usr/share/texmf/fonts/opentype/public
/lm/lmsans10-regular.otf></usr/share/texmf/fonts/opentype/public/lm/lmroman10-r
egular.otf></usr/share/texmf/fonts/opentype/public/lm/lmroman10-bold.otf></usr/
share/texmf/fonts/opentype/public/lm/lmroman8-regular.otf></usr/share/texmf/fon
ts/opentype/public/lm/lmroman12-regular.otf></usr/share/texmf/fonts/opentype/pu
blic/lm/lmroman17-regular.otf></usr/share/texlive/texmf-dist/fonts/type1/public
/amsfonts/cm/cmex10.pfb></usr/share/texlive/texmf-dist/fonts/type1/public/amsfo
nts/cm/cmmi10.pfb></usr/share/texlive/texmf-dist/fonts/type1/public/amsfonts/cm
/cmmi12.pfb></usr/share/texlive/texmf-dist/fonts/type1/public/amsfonts/cm/cmmi6
.pfb></usr/share/texlive/texmf-dist/fonts/type1/public/amsfonts/cm/cmmi7.pfb></
usr/share/texlive/texmf-dist/fonts/type1/public/amsfonts/cm/cmmi8.pfb></usr/sha
re/texlive/texmf-dist/fonts/type1/public/amsfonts/cm/cmr10.pfb></usr/share/texl
ive/texmf-dist/fonts/type1/public/amsfonts/cm/cmr12.pfb></usr/share/texlive/tex
mf-dist/fonts/type1/public/amsfonts/cm/cmr6.pfb></usr/share/texlive/texmf-dist/
fonts/type1/public/amsfonts/cm/cmr7.pfb></usr/share/texlive/texmf-dist/fonts/ty
pe1/public/amsfonts/cm/cmr8.pfb></usr/share/texlive/texmf-dist/fonts/type1/publ
ic/amsfonts/cm/cmsy10.pfb></usr/share/texlive/texmf-dist/fonts/type1/public/ams
fonts/cm/cmsy5.pfb></usr/share/texlive/texmf-dist/fonts/type1/public/amsfonts/c
m/cmsy6.pfb></usr/share/texlive/texmf-dist/fonts/type1/public/amsfonts/cm/cmsy7
.pfb></usr/share/texlive/texmf-dist/fonts/type1/public/amsfonts/cm/cmsy8.pfb></
usr/share/texlive/texmf-dist/fonts/type1/public/amsfonts/euler/eufm10.pfb></usr
/share/texlive/texmf-dist/fonts/type1/public/amsfonts/symbols/msam10.pfb></usr/
share/texlive/texmf-dist/fonts/type1/public/amsfonts/symbols/msbm10.pfb>
Output written on main.pdf (43 pages, 410296 bytes).
Transcript written on main.log.
