mathcal_H inventory, depth<=3:
mathcal_H/README.md
mathcal_H/h1/h1_eval_core.cpp
mathcal_H/h1/raw/audit_report.json
mathcal_H/h1/raw/audit_rerun.csv
mathcal_H/h1/raw/checkpoint.json
mathcal_H/h1/raw/chunks.csv
mathcal_H/h1/raw/events.log
mathcal_H/h1/raw/violations.csv
mathcal_H/h1/run_h1_evaluator.py
mathcal_H/h2/raw/audit_report.json
mathcal_H/h2/raw/audit_rerun.csv
mathcal_H/h2/raw/checkpoint.json
mathcal_H/h2/raw/chunks.csv
mathcal_H/h2/raw/events.log
mathcal_H/h2/raw/nodes.csv
mathcal_H/h2/raw/sat.csv
mathcal_H/h2/raw/segments.csv
mathcal_H/h2/raw/unknown.csv
mathcal_H/h2/raw/windows.csv
mathcal_H/h2/run_h2_frontier.py
mathcal_H/h2/verify_h2_coverage_light.py
mathcal_H/h4/h4_signed_core.cpp
mathcal_H/h4/raw/audit_report.json
mathcal_H/h4/raw/audit_rerun.csv
mathcal_H/h4/raw/checkpoint.json
mathcal_H/h4/raw/chunk_pairs.csv
mathcal_H/h4/raw/chunks.csv
mathcal_H/h4/raw/events.log
mathcal_H/h4/raw/pair_counts.csv
mathcal_H/h4/raw/rawH_summary.csv
mathcal_H/h4/raw/summary.json
mathcal_H/h4/raw/witnesses.csv
mathcal_H/h4/run_h4_classifier.py
mathcal_H/stage6.md
mathcal_H/verify_mathcal_H_bundle.py
mathcal_H/verify_stage6_bundle.py

file count:
36
