# Package note

This repository is a self-contained support package for the current PAB
preprint.  It is organized to keep the mathematical manuscript, finite
reference layers, hidden-continuation support, and verification logs separate.

## Canonical source

The canonical mathematical source is:

```text
paper/main.tex
```

The compiled PDF is:

```text
paper/main.pdf
```

For theorem wording, definitions, and proof statements, use `paper/main.tex`.
The file `SUPPORT_INDEX.txt` is the navigation map from manuscript claims to
support layers and verifier commands.

## Repository roles

The repository separates four roles.

1. `paper/` contains the current manuscript source and compiled PDF.
2. `L1/`, `L2/`, and `L3/` are frozen reference layers for finite checks.
3. `mathcal_H/` is the global hidden-continuation bundle.
4. `VERIFY_LOGS/` contains optional logs from verification runs.

The layer notes inside `L1/`, `L2/`, and `L3/` are provenance/reference notes.
If wording in a layer note differs from the current manuscript, use
`paper/main.tex`, `SUPPORT_INDEX.txt`, and `README.md` as authoritative for the
current repository.

## Verification modes

The package deliberately separates four verification modes.

### Quick finite-layer checks

```bash
tools/run_quick_checks.sh
```

This audits the frozen `L1/L2/L3` reference layers.  It does not run the global
hidden-continuation bundle.

### mathcal_H artifact audit

```bash
tools/run_mathcal_H_audit.sh
```

This runs the default reviewer-facing `mathcal_H` audit route.  It checks H1,
H3, H4, and the light H2 coverage/consistency audit.

The default light H2 check audits accepted artifact coverage and consistency. It
is not an SMT rerun.

For the heavier focused H2 artifact audit, use:

```bash
tools/run_mathcal_H_audit.sh --include-h2-full
```

### Full recomputation

Full recomputation commands are listed in `README.md` and `SUPPORT_INDEX.txt`.
They recompute complete H1/H2/H4 production targets and may take substantially
longer than the default audit scripts.  They write outputs under `runs/`.

### Spot recomputation

Spot recomputation commands are also listed in `README.md` and
`SUPPORT_INDEX.txt`.  They recompute bounded arbitrary segments and are intended
as reviewer-facing smoke checks.  They are not replacements for the accepted full
artifacts.

## Artifact policy

Accepted finite support artifacts remain inside their layer directories:

```text
L1/
L2/
L3/
mathcal_H/
```

New recomputation outputs should be written under `runs/` and are not included
in the release by default unless intentionally promoted.

`VERIFY_LOGS/` may contain logs from the commands used to prepare or audit this
repository.  These logs are useful for traceability, but the primary entry
points remain the commands in `README.md` and `SUPPORT_INDEX.txt`.

## Reviewer entry points

Recommended order for a first audit:

```bash
# 1. finite layer audit
tools/run_quick_checks.sh | tee VERIFY_LOGS/quick_checks.log

# 2. hidden-continuation artifact audit
tools/run_mathcal_H_audit.sh | tee VERIFY_LOGS/mathcal_H_audit.log

# 3. optional heavier H2 artifact audit
tools/run_mathcal_H_audit.sh --include-h2-full | tee VERIFY_LOGS/mathcal_H_audit_with_h2_full.log
```

For claim-by-claim navigation, open:

```text
SUPPORT_INDEX.txt
```
