PAB PREPRINT SUPPORT INDEX
==========================

Purpose
-------
This file maps the current manuscript to the repository support layers and
reviewer-facing verifier commands. It is a navigation index, not a second
mathematical manuscript. For the short package contract, see PACKAGE_NOTE.md.

Canonical manuscript
--------------------
Mathematical source:
  paper/main.tex

Compiled manuscript:
  paper/main.pdf

Package note:
  PACKAGE_NOTE.md

Build command:
  cd paper
  lualatex -interaction=nonstopmode -halt-on-error main.tex
  lualatex -interaction=nonstopmode -halt-on-error main.tex
  lualatex -interaction=nonstopmode -halt-on-error main.tex
  cd ..

The layer notes inside L1/, L2/, and L3/ are frozen reference notes. For theorem
wording, use paper/main.tex. For support paths and commands, use this index and
README.md. For the short repository-reading contract, see PACKAGE_NOTE.md.

Repository roles
----------------
PACKAGE_NOTE.md  short package contract and scope guardrails
L1/        finite landscape and associativity reference layer
L2/        finite selection reference layer
L3/        selected-PAB operator, endomorphism, bridge, term-algebra, and
           companion-structure reference layer
mathcal_H/ global hidden-continuation theorem bundle
VERIFY_LOGS/ optional run logs

default reviewer-facing checks
