--- LICENSE scope ---
MIT License

This MIT License applies to all files in this repository except the manuscript
files under `paper/`. The manuscript files under `paper/`, including
`paper/main.tex` and `paper/main.pdf`, are licensed under the Creative Commons
Attribution 4.0 International License (CC BY 4.0); see `paper/LICENSE.md`.

Copyright (c) 2026 Burundai Taryi / burundai-t

--- paper/LICENSE.md ---
# Manuscript license

SPDX-License-Identifier: CC-BY-4.0

The manuscript files in this directory, including `main.tex`, `main.pdf`, and
derivative paper outputs built from them, are licensed under the Creative
Commons Attribution 4.0 International License (CC BY 4.0), unless a file states
otherwise.

Copyright (c) 2026 Burundai Taryi / burundai-t.

Manuscript title:

```text
Finite Row-Graded Magmas over F_3: Intrinsic Selection and Linearization
```

License references:

```text
Human-readable summary: https://creativecommons.org/licenses/by/4.0/
Legal code:             https://creativecommons.org/licenses/by/4.0/legalcode
```

Attribution should include the author name, the manuscript title, the
repository URL, and a link to the CC BY 4.0 license when practical.

--- README license ---
285:## License
286-
287-This repository uses a split license.
288-
289-```text
290-paper/                     CC BY 4.0
291-all other repository files  MIT
292-```
293-
294-The manuscript files in `paper/`, including `paper/main.tex` and
295-`paper/main.pdf`, are licensed under the Creative Commons Attribution 4.0
296-International License; see `paper/LICENSE.md`.
297-
298-All other repository files, including verifier scripts, repository tools,
299-finite tables, support indices, package notes, certificate artifacts, and
300-verification logs, are licensed under the MIT License; see `LICENSE`.
301-

--- SUPPORT_INDEX license policy ---
38:License policy
39---------------
40-paper/                     CC BY 4.0 manuscript license; see paper/LICENSE.md
41-all other repository files  MIT License; see LICENSE
42-
43-default reviewer-facing checks

--- paper/main.tex license sentence ---
2546-\url{https://github.com/burundai-t/finite-row-graded-magmas-over-f3}.
2547-
2548:The repository license split is: manuscript files in \texttt{paper/} are
2549-licensed under CC BY 4.0, while all non-paper support files are licensed
2550-under MIT.
2551-
