===== status =====
PASS
Step 7: added tools/run_quick_checks.sh.
Quick finite-layer command set verified from repository root: L1, L2, and L3 Front A-H.
The older aggregate L3 linearization verifier remains separate; the prior Step 3 log is retained.
utc_time=2026-05-12T15:31:54Z

===== quick_checks.log tail =====
Quick finite-layer verification
Repository root: /mnt/data/step7_clean_work/pab_preprint_support

== L1 finite landscape / associativity reference ==
+ python3 -S L1/scripts/verify_layer1_v3_final.py
Layer 1 v3 final pack checks passed.

== L2 finite selection reference ==
+ python3 -S L2/scripts/verify_layer2_selection_final.py
Layer 2 selection verifier v0.7: PASS
  tables written to: /mnt/data/step7_clean_work/pab_preprint_support/L2/tables
  Front B closed: information criteria formalized and finite cores checked
  Front C closed: nondegenerate anchors formalized and checked
  Front D closed: local path-dependence theorem checked on six nontrivial column-blind rules
  Front E finite core closed: pure C/J directed-edge selector separates PAB from row-complement
  Front F closed: independence/minimality registry and deletion audit generated
  Front G closed: hidden continuation contrast H integrated as auxiliary bridge
  H guardrail: PAB and row-complement both have H_tot=7020, H_-=0, N_-=0 at d=000
  H guardrail: global Omega' H certificate remains open; H is not a selector dependency
  Front H closed: artifact manifest, table integrity audit, and consistency audit generated

== L3 Front A ==
+ python3 L3/scripts/verify_layer3_frontA.py
Layer 3 Front A verifier: PASS
  fiber normal forms: diagonal B^2=I; off-diagonal B^3=B and rank(B)=2
  operator identities: diagonal L^3=L; off-diagonal L^4=L^2 and L^3!=L
  spectral split: diagonal minpoly t(t-1)(t+1); off-diagonal t^2(t-1)(t+1)
  Jordan split: off-diagonal has exactly one J2(0) block

== L3 Front B ==
+ python3 L3/scripts/verify_layer3_frontB.py
Layer 3 Front B verifier: PASS
  same-row block semigroup: |B_r|=6 with identity, tau_r, and four rank-2 maps
  row-target classification: 17 elements per W_r = 14 row-stay forms + 3 constants
  composition monoid: 3*17 = 51 positive elements
  envelope dimensions: dim W_r=9 for all rows, dim E=27
  product law: W_r W_s subset W_r checked structurally

== L3 Front C ==
+ python3 L3/scripts/verify_layer3_frontC.py
Layer 3 Front C verifier: PASS
  constant intertwiners: Hom_e_r = {u eps^T : u in Fix(L_(r,r))}, dim 2
  fixed space: span{e_(r,r), sum_{c!=r} e_(r,c)} for each r
  collapse lemma: differences of left translations generate ker(eps), so every Hom_e_r factors through eps
  automorphism intertwiners: Hom_phi_rho = R P_rho, dim 1
  total Hom dimension: 6*1 + 3*2 = 12

== L3 Front D ==
+ python3 L3/scripts/verify_layer3_frontD.py
Layer 3 Front D verifier: PASS
  binary presentation tables: 630 representatives and 630x630 product table verified
  stabilization table: final cumulative count 630, max minimal size 15
  identity audit: I1/I2/I3/star hold but CM1 proves they are incomplete
  compact-plus-unary audit: CM2 proves U1/U2 still do not give a complete compact basis

== L3 Front E ==
+ python3 L3/scripts/verify_layer3_frontE.py
Layer 3 Front E verifier: PASS
  binary compression: |T2| = 2 * 21 * 15 = 630 checked
  owner split: 315 x-owner and 315 y-owner functions; variable swap has 315 two-cycles
  factor theorem: each owner sector is S21 x U15, cross-minus = phi(cross-plus)
  multiplication compression: 630x630 table reproduced from 21x21 and 15x15 factor tables
  arity-growth guardrail: ternary smoke through size 6 reaches 5577 functions; all-arity status remains open

== L3 Front F ==
+ python3 L3/scripts/verify_layer3_frontF.py
Layer 3 Front F verifier: PASS
  operator envelope: continuation operators L_(xy)L_z and L_xL_(yz) lie in E and in W_row(x)
  distance collapse: 729 triples -> 93 normal-form pair types -> 9 (I,B,H) distance types
  PAB H profile: I_tot=8904, B_tot=1884, H_tot=7020, H_-=0, N_-=0
  row-pattern decomposition: rawH contributions sum to 1170, hence H_tot=6*1170=7020
  guardrail: row-complement has the same H profile, so H is an operator bridge, not a selector
  column-blind d=000 audit: pure H maximum 7020 is attained exactly by PAB and row-complement

== L3 Front G ==
+ python3 L3/scripts/verify_layer3_frontG.py
Layer 3 Front G verifier: PASS
  carrier: k[M] identified with Mat3 matrix units; bracket structure constants checked
  decomposition: gl3 = kI + sl3 and adjoint carrier split 1+8 checked
  S3 compatibility: simultaneous relabeling preserves PAB, bracket, so3, and p
  compact sector: so3 is S3-stable, Killing-negative, and Cartan split sl3=so3+p checked
  companion group type: SU(3) x SU(2) x U(1) recorded as the compact Lie package
  boundary: PAB and matrix multiplication share the carrier; cross-row AJB^T and 9 basis coincidences checked

== L3 Front H ==
+ python3 L3/scripts/verify_layer3_frontH.py
Layer 3 Front H verifier: PASS
  finite pure C/J geometry: D3 relations and PAB/competitor absorption transitions checked
  canonical q/p chart: C preserves sectors and J exchanges sectors with reflection
  signed symplectic lift: C_hat and J_hat lie in Sp(6); literal unsigned J is anti-symplectic
  projective D3 lift: C_hat^3=I, J_hat^2=-I, J_hat C_hat J_hat^{-1}=C_hat^{-1}
  continuous realization: explicit C_t and J_t paths in Sp(6) checked by endpoint/sample audit
  tick bridge: C,J,C,C,J finite Hamiltonian path visits all six edges and has symplectic signed lift
elapsed=0:02.27 status=0 maxrss=293072

== quick finite-layer checks passed ==
